{"/Users/johnhodgson/Repos/json-karaoke-machine/assetsTransformer.js": {"path":"/Users/johnhodgson/Repos/json-karaoke-machine/assetsTransformer.js","statementMap":{"0":{"start":{"line":1,"column":13},"end":{"line":1,"column":28}},"1":{"start":{"line":3,"column":0},"end":{"line":7,"column":2}},"2":{"start":{"line":5,"column":4},"end":{"line":5,"column":79}}},"fnMap":{"0":{"name":"(anonymous_0)","decl":{"start":{"line":4,"column":2},"end":{"line":4,"column":3}},"loc":{"start":{"line":4,"column":42},"end":{"line":6,"column":3}},"line":4}},"branchMap":{},"s":{"0":11,"1":11,"2":1},"f":{"0":1},"b":{},"_coverageSchema":"43e27e138ebf9cfc5966b082cf9a028302ed4184","hash":"136077752d251f2133c84b4ee5d60ef521b768e5"}
,"/Users/johnhodgson/Repos/json-karaoke-machine/src/store.js": {"path":"/Users/johnhodgson/Repos/json-karaoke-machine/src/store.js","statementMap":{"0":{"start":{"line":4,"column":21},"end":{"line":7,"column":1}}},"fnMap":{},"branchMap":{"0":{"loc":{"start":{"line":6,"column":2},"end":{"line":6,"column":78}},"type":"binary-expr","locations":[{"start":{"line":6,"column":2},"end":{"line":6,"column":37}},{"start":{"line":6,"column":41},"end":{"line":6,"column":78}}],"line":6}},"s":{"0":2},"f":{},"b":{"0":[2,0]},"_coverageSchema":"43e27e138ebf9cfc5966b082cf9a028302ed4184","hash":"b2828862ccb382ec1f56c22e22439d54408065ee"}
,"/Users/johnhodgson/Repos/json-karaoke-machine/src/actions/index.js": {"path":"/Users/johnhodgson/Repos/json-karaoke-machine/src/actions/index.js","statementMap":{"0":{"start":{"line":1,"column":24},"end":{"line":4,"column":2}},"1":{"start":{"line":1,"column":34},"end":{"line":4,"column":1}},"2":{"start":{"line":6,"column":29},"end":{"line":9,"column":2}},"3":{"start":{"line":6,"column":39},"end":{"line":9,"column":1}},"4":{"start":{"line":11,"column":28},"end":{"line":14,"column":2}},"5":{"start":{"line":11,"column":38},"end":{"line":14,"column":1}},"6":{"start":{"line":16,"column":30},"end":{"line":19,"column":2}},"7":{"start":{"line":16,"column":40},"end":{"line":19,"column":1}},"8":{"start":{"line":21,"column":32},"end":{"line":24,"column":2}},"9":{"start":{"line":21,"column":42},"end":{"line":24,"column":1}},"10":{"start":{"line":26,"column":31},"end":{"line":29,"column":2}},"11":{"start":{"line":26,"column":41},"end":{"line":29,"column":1}},"12":{"start":{"line":31,"column":27},"end":{"line":34,"column":2}},"13":{"start":{"line":31,"column":37},"end":{"line":34,"column":1}}},"fnMap":{"0":{"name":"(anonymous_0)","decl":{"start":{"line":1,"column":24},"end":{"line":1,"column":25}},"loc":{"start":{"line":1,"column":34},"end":{"line":4,"column":1}},"line":1},"1":{"name":"(anonymous_1)","decl":{"start":{"line":6,"column":29},"end":{"line":6,"column":30}},"loc":{"start":{"line":6,"column":39},"end":{"line":9,"column":1}},"line":6},"2":{"name":"(anonymous_2)","decl":{"start":{"line":11,"column":28},"end":{"line":11,"column":29}},"loc":{"start":{"line":11,"column":38},"end":{"line":14,"column":1}},"line":11},"3":{"name":"(anonymous_3)","decl":{"start":{"line":16,"column":30},"end":{"line":16,"column":31}},"loc":{"start":{"line":16,"column":40},"end":{"line":19,"column":1}},"line":16},"4":{"name":"(anonymous_4)","decl":{"start":{"line":21,"column":32},"end":{"line":21,"column":33}},"loc":{"start":{"line":21,"column":42},"end":{"line":24,"column":1}},"line":21},"5":{"name":"(anonymous_5)","decl":{"start":{"line":26,"column":31},"end":{"line":26,"column":32}},"loc":{"start":{"line":26,"column":41},"end":{"line":29,"column":1}},"line":26},"6":{"name":"(anonymous_6)","decl":{"start":{"line":31,"column":27},"end":{"line":31,"column":28}},"loc":{"start":{"line":31,"column":37},"end":{"line":34,"column":1}},"line":31}},"branchMap":{},"s":{"0":5,"1":3,"2":5,"3":4,"4":5,"5":1,"6":5,"7":1,"8":5,"9":1,"10":5,"11":4,"12":5,"13":1},"f":{"0":3,"1":4,"2":1,"3":1,"4":1,"5":4,"6":1},"b":{},"_coverageSchema":"43e27e138ebf9cfc5966b082cf9a028302ed4184","hash":"f0cf70462c6498812a5bb25cc069c54e49f4d504"}
,"/Users/johnhodgson/Repos/json-karaoke-machine/src/components/About.js": {"path":"/Users/johnhodgson/Repos/json-karaoke-machine/src/components/About.js","statementMap":{"0":{"start":{"line":6,"column":14},"end":{"line":177,"column":1}},"1":{"start":{"line":7,"column":2},"end":{"line":9,"column":9}},"2":{"start":{"line":8,"column":4},"end":{"line":8,"column":20}},"3":{"start":{"line":11,"column":2},"end":{"line":176,"column":4}}},"fnMap":{"0":{"name":"(anonymous_0)","decl":{"start":{"line":6,"column":14},"end":{"line":6,"column":15}},"loc":{"start":{"line":6,"column":76},"end":{"line":177,"column":1}},"line":6},"1":{"name":"(anonymous_1)","decl":{"start":{"line":7,"column":12},"end":{"line":7,"column":13}},"loc":{"start":{"line":7,"column":18},"end":{"line":9,"column":3}},"line":7}},"branchMap":{},"s":{"0":2,"1":2,"2":1,"3":2},"f":{"0":2,"1":1},"b":{},"_coverageSchema":"43e27e138ebf9cfc5966b082cf9a028302ed4184","hash":"bd906c5fbe08eb610debb052ad217862596f04eb"}
,"/Users/johnhodgson/Repos/json-karaoke-machine/src/components/Bass.js": {"path":"/Users/johnhodgson/Repos/json-karaoke-machine/src/components/Bass.js","statementMap":{"0":{"start":{"line":4,"column":13},"end":{"line":14,"column":1}},"1":{"start":{"line":5,"column":2},"end":{"line":13,"column":12}}},"fnMap":{"0":{"name":"(anonymous_0)","decl":{"start":{"line":4,"column":13},"end":{"line":4,"column":14}},"loc":{"start":{"line":5,"column":2},"end":{"line":13,"column":12}},"line":5}},"branchMap":{},"s":{"0":3,"1":3},"f":{"0":3},"b":{},"_coverageSchema":"43e27e138ebf9cfc5966b082cf9a028302ed4184","hash":"7f3cbdc73972f531ac9dd164efceab0d3289e320"}
,"/Users/johnhodgson/Repos/json-karaoke-machine/src/components/Drums.js": {"path":"/Users/johnhodgson/Repos/json-karaoke-machine/src/components/Drums.js","statementMap":{"0":{"start":{"line":4,"column":14},"end":{"line":14,"column":1}},"1":{"start":{"line":5,"column":2},"end":{"line":13,"column":12}}},"fnMap":{"0":{"name":"(anonymous_0)","decl":{"start":{"line":4,"column":14},"end":{"line":4,"column":15}},"loc":{"start":{"line":5,"column":2},"end":{"line":13,"column":12}},"line":5}},"branchMap":{},"s":{"0":3,"1":3},"f":{"0":3},"b":{},"_coverageSchema":"43e27e138ebf9cfc5966b082cf9a028302ed4184","hash":"e871c502702d6a9b60767106b56ef18349ad5f44"}
,"/Users/johnhodgson/Repos/json-karaoke-machine/src/components/Footer.js": {"path":"/Users/johnhodgson/Repos/json-karaoke-machine/src/components/Footer.js","statementMap":{"0":{"start":{"line":3,"column":15},"end":{"line":9,"column":1}},"1":{"start":{"line":4,"column":2},"end":{"line":8,"column":11}}},"fnMap":{"0":{"name":"(anonymous_0)","decl":{"start":{"line":3,"column":15},"end":{"line":3,"column":16}},"loc":{"start":{"line":4,"column":2},"end":{"line":8,"column":11}},"line":4}},"branchMap":{},"s":{"0":5,"1":5},"f":{"0":5},"b":{},"_coverageSchema":"43e27e138ebf9cfc5966b082cf9a028302ed4184","hash":"f77139b298065361c780f38cc3dbfc93198f4153"}
,"/Users/johnhodgson/Repos/json-karaoke-machine/src/components/Header.js": {"path":"/Users/johnhodgson/Repos/json-karaoke-machine/src/components/Header.js","statementMap":{"0":{"start":{"line":4,"column":15},"end":{"line":45,"column":1}},"1":{"start":{"line":5,"column":2},"end":{"line":44,"column":8}}},"fnMap":{"0":{"name":"(anonymous_0)","decl":{"start":{"line":4,"column":15},"end":{"line":4,"column":16}},"loc":{"start":{"line":5,"column":2},"end":{"line":44,"column":8}},"line":5}},"branchMap":{"0":{"loc":{"start":{"line":17,"column":7},"end":{"line":42,"column":7}},"type":"binary-expr","locations":[{"start":{"line":17,"column":7},"end":{"line":17,"column":11}},{"start":{"line":18,"column":8},"end":{"line":41,"column":14}}],"line":17},"1":{"loc":{"start":{"line":26,"column":13},"end":{"line":26,"column":41}},"type":"cond-expr","locations":[{"start":{"line":26,"column":25},"end":{"line":26,"column":31}},{"start":{"line":26,"column":34},"end":{"line":26,"column":41}}],"line":26}},"s":{"0":5,"1":5},"f":{"0":5},"b":{"0":[5,3],"1":[2,1]},"_coverageSchema":"43e27e138ebf9cfc5966b082cf9a028302ed4184","hash":"49ec64b9c090aea523f0bafa9457820a88504163"}
,"/Users/johnhodgson/Repos/json-karaoke-machine/src/components/Home.js": {"path":"/Users/johnhodgson/Repos/json-karaoke-machine/src/components/Home.js","statementMap":{"0":{"start":{"line":13,"column":13},"end":{"line":45,"column":1}},"1":{"start":{"line":20,"column":2},"end":{"line":22,"column":9}},"2":{"start":{"line":21,"column":4},"end":{"line":21,"column":19}},"3":{"start":{"line":24,"column":2},"end":{"line":44,"column":4}}},"fnMap":{"0":{"name":"(anonymous_0)","decl":{"start":{"line":13,"column":13},"end":{"line":13,"column":14}},"loc":{"start":{"line":19,"column":6},"end":{"line":45,"column":1}},"line":19},"1":{"name":"(anonymous_1)","decl":{"start":{"line":20,"column":12},"end":{"line":20,"column":13}},"loc":{"start":{"line":20,"column":18},"end":{"line":22,"column":3}},"line":20}},"branchMap":{"0":{"loc":{"start":{"line":42,"column":7},"end":{"line":42,"column":73}},"type":"binary-expr","locations":[{"start":{"line":42,"column":7},"end":{"line":42,"column":16}},{"start":{"line":42,"column":20},"end":{"line":42,"column":73}}],"line":42}},"s":{"0":2,"1":2,"2":1,"3":2},"f":{"0":2,"1":1},"b":{"0":[2,2]},"_coverageSchema":"43e27e138ebf9cfc5966b082cf9a028302ed4184","hash":"f4b5d1e7c813f2a703c34adfac72afe03708a050"}
,"/Users/johnhodgson/Repos/json-karaoke-machine/src/components/JSONFormatter.js": {"path":"/Users/johnhodgson/Repos/json-karaoke-machine/src/components/JSONFormatter.js","statementMap":{"0":{"start":{"line":3,"column":19},"end":{"line":37,"column":1}},"1":{"start":{"line":4,"column":16},"end":{"line":4,"column":48}},"2":{"start":{"line":7,"column":2},"end":{"line":15,"column":3}},"3":{"start":{"line":8,"column":4},"end":{"line":14,"column":5}},"4":{"start":{"line":8,"column":17},"end":{"line":8,"column":18}},"5":{"start":{"line":9,"column":6},"end":{"line":13,"column":55}},"6":{"start":{"line":13,"column":8},"end":{"line":13,"column":55}},"7":{"start":{"line":17,"column":15},"end":{"line":17,"column":17}},"8":{"start":{"line":18,"column":2},"end":{"line":20,"column":3}},"9":{"start":{"line":18,"column":15},"end":{"line":18,"column":16}},"10":{"start":{"line":19,"column":4},"end":{"line":19,"column":21}},"11":{"start":{"line":22,"column":2},"end":{"line":36,"column":3}},"12":{"start":{"line":22,"column":47},"end":{"line":22,"column":80}},"13":{"start":{"line":24,"column":4},"end":{"line":34,"column":31}},"14":{"start":{"line":35,"column":4},"end":{"line":35,"column":31}},"15":{"start":{"line":39,"column":22},"end":{"line":43,"column":1}},"16":{"start":{"line":40,"column":2},"end":{"line":42,"column":8}}},"fnMap":{"0":{"name":"(anonymous_0)","decl":{"start":{"line":3,"column":19},"end":{"line":3,"column":20}},"loc":{"start":{"line":3,"column":53},"end":{"line":37,"column":1}},"line":3},"1":{"name":"(anonymous_1)","decl":{"start":{"line":39,"column":22},"end":{"line":39,"column":23}},"loc":{"start":{"line":40,"column":2},"end":{"line":42,"column":8}},"line":40}},"branchMap":{"0":{"loc":{"start":{"line":7,"column":2},"end":{"line":15,"column":3}},"type":"if","locations":[{"start":{"line":7,"column":2},"end":{"line":15,"column":3}},{"start":{"line":7,"column":2},"end":{"line":15,"column":3}}],"line":7},"1":{"loc":{"start":{"line":7,"column":6},"end":{"line":7,"column":39}},"type":"binary-expr","locations":[{"start":{"line":7,"column":6},"end":{"line":7,"column":21}},{"start":{"line":7,"column":25},"end":{"line":7,"column":39}}],"line":7},"2":{"loc":{"start":{"line":9,"column":6},"end":{"line":13,"column":55}},"type":"if","locations":[{"start":{"line":9,"column":6},"end":{"line":13,"column":55}},{"start":{"line":9,"column":6},"end":{"line":13,"column":55}}],"line":9},"3":{"loc":{"start":{"line":10,"column":8},"end":{"line":11,"column":44}},"type":"binary-expr","locations":[{"start":{"line":10,"column":8},"end":{"line":10,"column":39}},{"start":{"line":11,"column":8},"end":{"line":11,"column":44}}],"line":10},"4":{"loc":{"start":{"line":22,"column":2},"end":{"line":36,"column":3}},"type":"if","locations":[{"start":{"line":22,"column":2},"end":{"line":36,"column":3}},{"start":{"line":22,"column":2},"end":{"line":36,"column":3}}],"line":22},"5":{"loc":{"start":{"line":22,"column":6},"end":{"line":22,"column":45}},"type":"binary-expr","locations":[{"start":{"line":22,"column":6},"end":{"line":22,"column":26}},{"start":{"line":22,"column":30},"end":{"line":22,"column":45}}],"line":22}},"s":{"0":6,"1":10,"2":10,"3":3,"4":3,"5":18,"6":1,"7":10,"8":10,"9":10,"10":27,"11":10,"12":2,"13":8,"14":8,"15":6,"16":10},"f":{"0":10,"1":10},"b":{"0":[3,7],"1":[10,3],"2":[1,17],"3":[18,3],"4":[2,8],"5":[10,10]},"_coverageSchema":"43e27e138ebf9cfc5966b082cf9a028302ed4184","hash":"09a1ca920617d41660b3abc41489f546d44a578c"}
,"/Users/johnhodgson/Repos/json-karaoke-machine/src/components/Lyrics.js": {"path":"/Users/johnhodgson/Repos/json-karaoke-machine/src/components/Lyrics.js","statementMap":{"0":{"start":{"line":3,"column":18},"end":{"line":3,"column":20}},"1":{"start":{"line":4,"column":17},"end":{"line":4,"column":18}},"2":{"start":{"line":6,"column":26},"end":{"line":44,"column":1}},"3":{"start":{"line":7,"column":23},"end":{"line":9,"column":3}},"4":{"start":{"line":8,"column":14},"end":{"line":8,"column":69}},"5":{"start":{"line":10,"column":2},"end":{"line":10,"column":38}},"6":{"start":{"line":10,"column":23},"end":{"line":10,"column":38}},"7":{"start":{"line":11,"column":2},"end":{"line":11,"column":68}},"8":{"start":{"line":11,"column":40},"end":{"line":11,"column":68}},"9":{"start":{"line":13,"column":20},"end":{"line":15,"column":3}},"10":{"start":{"line":14,"column":14},"end":{"line":14,"column":79}},"11":{"start":{"line":16,"column":17},"end":{"line":16,"column":57}},"12":{"start":{"line":16,"column":38},"end":{"line":16,"column":47}},"13":{"start":{"line":18,"column":2},"end":{"line":24,"column":27}},"14":{"start":{"line":24,"column":4},"end":{"line":24,"column":27}},"15":{"start":{"line":26,"column":2},"end":{"line":41,"column":3}},"16":{"start":{"line":27,"column":4},"end":{"line":29,"column":5}},"17":{"start":{"line":28,"column":6},"end":{"line":28,"column":23}},"18":{"start":{"line":31,"column":4},"end":{"line":40,"column":5}},"19":{"start":{"line":34,"column":8},"end":{"line":35,"column":39}},"20":{"start":{"line":36,"column":6},"end":{"line":39,"column":68}},"21":{"start":{"line":43,"column":2},"end":{"line":43,"column":33}},"22":{"start":{"line":46,"column":15},"end":{"line":51,"column":1}},"23":{"start":{"line":47,"column":2},"end":{"line":50,"column":8}}},"fnMap":{"0":{"name":"(anonymous_0)","decl":{"start":{"line":6,"column":26},"end":{"line":6,"column":27}},"loc":{"start":{"line":6,"column":48},"end":{"line":44,"column":1}},"line":6},"1":{"name":"(anonymous_1)","decl":{"start":{"line":8,"column":4},"end":{"line":8,"column":5}},"loc":{"start":{"line":8,"column":14},"end":{"line":8,"column":69}},"line":8},"2":{"name":"(anonymous_2)","decl":{"start":{"line":14,"column":4},"end":{"line":14,"column":5}},"loc":{"start":{"line":14,"column":14},"end":{"line":14,"column":79}},"line":14},"3":{"name":"(anonymous_3)","decl":{"start":{"line":16,"column":33},"end":{"line":16,"column":34}},"loc":{"start":{"line":16,"column":38},"end":{"line":16,"column":47}},"line":16},"4":{"name":"(anonymous_4)","decl":{"start":{"line":46,"column":15},"end":{"line":46,"column":16}},"loc":{"start":{"line":47,"column":2},"end":{"line":50,"column":8}},"line":47}},"branchMap":{"0":{"loc":{"start":{"line":8,"column":14},"end":{"line":8,"column":69}},"type":"binary-expr","locations":[{"start":{"line":8,"column":14},"end":{"line":8,"column":28}},{"start":{"line":8,"column":32},"end":{"line":8,"column":44}},{"start":{"line":8,"column":48},"end":{"line":8,"column":69}}],"line":8},"1":{"loc":{"start":{"line":10,"column":2},"end":{"line":10,"column":38}},"type":"if","locations":[{"start":{"line":10,"column":2},"end":{"line":10,"column":38}},{"start":{"line":10,"column":2},"end":{"line":10,"column":38}}],"line":10},"2":{"loc":{"start":{"line":11,"column":2},"end":{"line":11,"column":68}},"type":"if","locations":[{"start":{"line":11,"column":2},"end":{"line":11,"column":68}},{"start":{"line":11,"column":2},"end":{"line":11,"column":68}}],"line":11},"3":{"loc":{"start":{"line":14,"column":14},"end":{"line":14,"column":79}},"type":"binary-expr","locations":[{"start":{"line":14,"column":14},"end":{"line":14,"column":28}},{"start":{"line":14,"column":32},"end":{"line":14,"column":50}},{"start":{"line":14,"column":54},"end":{"line":14,"column":66}},{"start":{"line":14,"column":70},"end":{"line":14,"column":79}}],"line":14},"4":{"loc":{"start":{"line":18,"column":2},"end":{"line":24,"column":27}},"type":"if","locations":[{"start":{"line":18,"column":2},"end":{"line":24,"column":27}},{"start":{"line":18,"column":2},"end":{"line":24,"column":27}}],"line":18},"5":{"loc":{"start":{"line":26,"column":2},"end":{"line":41,"column":3}},"type":"if","locations":[{"start":{"line":26,"column":2},"end":{"line":41,"column":3}},{"start":{"line":26,"column":2},"end":{"line":41,"column":3}}],"line":26},"6":{"loc":{"start":{"line":26,"column":6},"end":{"line":26,"column":53}},"type":"binary-expr","locations":[{"start":{"line":26,"column":6},"end":{"line":26,"column":22}},{"start":{"line":26,"column":26},"end":{"line":26,"column":53}}],"line":26},"7":{"loc":{"start":{"line":27,"column":4},"end":{"line":29,"column":5}},"type":"if","locations":[{"start":{"line":27,"column":4},"end":{"line":29,"column":5}},{"start":{"line":27,"column":4},"end":{"line":29,"column":5}}],"line":27},"8":{"loc":{"start":{"line":31,"column":4},"end":{"line":40,"column":5}},"type":"if","locations":[{"start":{"line":31,"column":4},"end":{"line":40,"column":5}},{"start":{"line":31,"column":4},"end":{"line":40,"column":5}}],"line":31}},"s":{"0":3,"1":3,"2":3,"3":6,"4":408,"5":6,"6":1,"7":6,"8":1,"9":6,"10":5958,"11":6,"12":11,"13":6,"14":2,"15":6,"16":2,"17":1,"18":2,"19":1,"20":1,"21":6,"22":3,"23":6},"f":{"0":6,"1":408,"2":5958,"3":11,"4":6},"b":{"0":[408,154,12],"1":[1,5],"2":[1,5],"3":[5958,5878,323,14],"4":[2,4],"5":[2,4],"6":[6,6],"7":[1,1],"8":[1,1]},"_coverageSchema":"43e27e138ebf9cfc5966b082cf9a028302ed4184","hash":"aef3c1531f5f4b669c0c8856d0691675b44501dd"}
,"/Users/johnhodgson/Repos/json-karaoke-machine/src/components/PolySynth.js": {"path":"/Users/johnhodgson/Repos/json-karaoke-machine/src/components/PolySynth.js","statementMap":{"0":{"start":{"line":4,"column":18},"end":{"line":14,"column":1}},"1":{"start":{"line":5,"column":2},"end":{"line":13,"column":12}}},"fnMap":{"0":{"name":"(anonymous_0)","decl":{"start":{"line":4,"column":18},"end":{"line":4,"column":19}},"loc":{"start":{"line":5,"column":2},"end":{"line":13,"column":12}},"line":5}},"branchMap":{},"s":{"0":3,"1":3},"f":{"0":3},"b":{},"_coverageSchema":"43e27e138ebf9cfc5966b082cf9a028302ed4184","hash":"a8d1a97df1a15b8aa7e0b754f5545d084dd1d461"}
,"/Users/johnhodgson/Repos/json-karaoke-machine/src/components/SongChooser.js": {"path":"/Users/johnhodgson/Repos/json-karaoke-machine/src/components/SongChooser.js","statementMap":{"0":{"start":{"line":3,"column":20},"end":{"line":50,"column":1}},"1":{"start":{"line":4,"column":2},"end":{"line":49,"column":11}}},"fnMap":{"0":{"name":"(anonymous_0)","decl":{"start":{"line":3,"column":20},"end":{"line":3,"column":21}},"loc":{"start":{"line":4,"column":2},"end":{"line":49,"column":11}},"line":4}},"branchMap":{"0":{"loc":{"start":{"line":21,"column":17},"end":{"line":21,"column":45}},"type":"cond-expr","locations":[{"start":{"line":21,"column":29},"end":{"line":21,"column":35}},{"start":{"line":21,"column":38},"end":{"line":21,"column":45}}],"line":21}},"s":{"0":3,"1":3},"f":{"0":3},"b":{"0":[2,1]},"_coverageSchema":"43e27e138ebf9cfc5966b082cf9a028302ed4184","hash":"0c849a528ee92be4b2e5b9cdadea406cf1d481fb"}
,"/Users/johnhodgson/Repos/json-karaoke-machine/src/containers/About.js": {"path":"/Users/johnhodgson/Repos/json-karaoke-machine/src/containers/About.js","statementMap":{"0":{"start":{"line":14,"column":29},"end":{"line":16,"column":1}},"1":{"start":{"line":15,"column":2},"end":{"line":15,"column":45}},"2":{"start":{"line":18,"column":31},"end":{"line":24,"column":2}},"3":{"start":{"line":18,"column":38},"end":{"line":24,"column":1}}},"fnMap":{"0":{"name":"(anonymous_0)","decl":{"start":{"line":14,"column":29},"end":{"line":14,"column":30}},"loc":{"start":{"line":14,"column":35},"end":{"line":16,"column":1}},"line":14},"1":{"name":"(anonymous_1)","decl":{"start":{"line":18,"column":31},"end":{"line":18,"column":32}},"loc":{"start":{"line":18,"column":38},"end":{"line":24,"column":1}},"line":18}},"branchMap":{},"s":{"0":1,"1":1,"2":1,"3":1},"f":{"0":1,"1":1},"b":{},"_coverageSchema":"43e27e138ebf9cfc5966b082cf9a028302ed4184","hash":"63969ef9d275a65082aa72252077b2ad4daf910a"}
,"/Users/johnhodgson/Repos/json-karaoke-machine/src/containers/Home.js": {"path":"/Users/johnhodgson/Repos/json-karaoke-machine/src/containers/Home.js","statementMap":{"0":{"start":{"line":9,"column":28},"end":{"line":11,"column":1}},"1":{"start":{"line":10,"column":2},"end":{"line":10,"column":45}},"2":{"start":{"line":13,"column":31},"end":{"line":19,"column":2}},"3":{"start":{"line":13,"column":41},"end":{"line":19,"column":1}},"4":{"start":{"line":21,"column":34},"end":{"line":25,"column":2}},"5":{"start":{"line":21,"column":47},"end":{"line":25,"column":1}},"6":{"start":{"line":23,"column":4},"end":{"line":23,"column":30}}},"fnMap":{"0":{"name":"(anonymous_0)","decl":{"start":{"line":9,"column":28},"end":{"line":9,"column":29}},"loc":{"start":{"line":9,"column":34},"end":{"line":11,"column":1}},"line":9},"1":{"name":"(anonymous_1)","decl":{"start":{"line":13,"column":31},"end":{"line":13,"column":32}},"loc":{"start":{"line":13,"column":41},"end":{"line":19,"column":1}},"line":13},"2":{"name":"(anonymous_2)","decl":{"start":{"line":21,"column":34},"end":{"line":21,"column":35}},"loc":{"start":{"line":21,"column":47},"end":{"line":25,"column":1}},"line":21},"3":{"name":"(anonymous_3)","decl":{"start":{"line":22,"column":21},"end":{"line":22,"column":22}},"loc":{"start":{"line":22,"column":48},"end":{"line":24,"column":3}},"line":22}},"branchMap":{},"s":{"0":1,"1":1,"2":1,"3":1,"4":1,"5":2,"6":2},"f":{"0":1,"1":1,"2":2,"3":2},"b":{},"_coverageSchema":"43e27e138ebf9cfc5966b082cf9a028302ed4184","hash":"80b5380410f78bad099ebee493ffae02807ef00e"}
,"/Users/johnhodgson/Repos/json-karaoke-machine/src/data/note-frequencies.js": {"path":"/Users/johnhodgson/Repos/json-karaoke-machine/src/data/note-frequencies.js","statementMap":{"0":{"start":{"line":1,"column":24},"end":{"line":14,"column":1}}},"fnMap":{},"branchMap":{},"s":{"0":9},"f":{},"b":{},"_coverageSchema":"43e27e138ebf9cfc5966b082cf9a028302ed4184","hash":"3bc9520eedbc1cdca5fb4fa1ad588769b480dcc5"}
,"/Users/johnhodgson/Repos/json-karaoke-machine/src/data/samples.js": {"path":"/Users/johnhodgson/Repos/json-karaoke-machine/src/data/samples.js","statementMap":{"0":{"start":{"line":1,"column":13},"end":{"line":1,"column":43}},"1":{"start":{"line":2,"column":14},"end":{"line":2,"column":45}},"2":{"start":{"line":5,"column":16},"end":{"line":5,"column":18}},"3":{"start":{"line":6,"column":0},"end":{"line":6,"column":27}},"4":{"start":{"line":7,"column":0},"end":{"line":7,"column":29}}},"fnMap":{},"branchMap":{},"s":{"0":5,"1":5,"2":5,"3":5,"4":5},"f":{},"b":{},"_coverageSchema":"43e27e138ebf9cfc5966b082cf9a028302ed4184","hash":"d4df15ff37720a7af116860fa2e0b0bbab7c6304"}
,"/Users/johnhodgson/Repos/json-karaoke-machine/src/data/sound-types.js": {"path":"/Users/johnhodgson/Repos/json-karaoke-machine/src/data/sound-types.js","statementMap":{"0":{"start":{"line":1,"column":19},"end":{"line":4,"column":1}}},"fnMap":{},"branchMap":{},"s":{"0":10},"f":{},"b":{},"_coverageSchema":"43e27e138ebf9cfc5966b082cf9a028302ed4184","hash":"bf422513556ae5f4e33139e28ad46a2a7236d86d"}
,"/Users/johnhodgson/Repos/json-karaoke-machine/src/includes/audio-context.js": {"path":"/Users/johnhodgson/Repos/json-karaoke-machine/src/includes/audio-context.js","statementMap":{"0":{"start":{"line":1,"column":23},"end":{"line":20,"column":4}},"1":{"start":{"line":4,"column":25},"end":{"line":7,"column":3}},"2":{"start":{"line":5,"column":25},"end":{"line":5,"column":73}},"3":{"start":{"line":6,"column":4},"end":{"line":6,"column":30}},"4":{"start":{"line":9,"column":2},"end":{"line":19,"column":4}},"5":{"start":{"line":11,"column":6},"end":{"line":13,"column":7}},"6":{"start":{"line":12,"column":8},"end":{"line":12,"column":36}},"7":{"start":{"line":14,"column":6},"end":{"line":14,"column":22}},"8":{"start":{"line":17,"column":6},"end":{"line":17,"column":27}}},"fnMap":{"0":{"name":"(anonymous_0)","decl":{"start":{"line":1,"column":24},"end":{"line":1,"column":25}},"loc":{"start":{"line":1,"column":30},"end":{"line":20,"column":1}},"line":1},"1":{"name":"(anonymous_1)","decl":{"start":{"line":4,"column":25},"end":{"line":4,"column":26}},"loc":{"start":{"line":4,"column":31},"end":{"line":7,"column":3}},"line":4},"2":{"name":"(anonymous_2)","decl":{"start":{"line":10,"column":17},"end":{"line":10,"column":18}},"loc":{"start":{"line":10,"column":23},"end":{"line":15,"column":5}},"line":10},"3":{"name":"(anonymous_3)","decl":{"start":{"line":16,"column":19},"end":{"line":16,"column":20}},"loc":{"start":{"line":16,"column":25},"end":{"line":18,"column":5}},"line":16}},"branchMap":{"0":{"loc":{"start":{"line":5,"column":25},"end":{"line":5,"column":73}},"type":"binary-expr","locations":[{"start":{"line":5,"column":25},"end":{"line":5,"column":44}},{"start":{"line":5,"column":48},"end":{"line":5,"column":73}}],"line":5},"1":{"loc":{"start":{"line":11,"column":6},"end":{"line":13,"column":7}},"type":"if","locations":[{"start":{"line":11,"column":6},"end":{"line":13,"column":7}},{"start":{"line":11,"column":6},"end":{"line":13,"column":7}}],"line":11}},"s":{"0":6,"1":6,"2":3,"3":3,"4":6,"5":4,"6":3,"7":4,"8":3},"f":{"0":6,"1":3,"2":4,"3":3},"b":{"0":[3,1],"1":[3,1]},"_coverageSchema":"43e27e138ebf9cfc5966b082cf9a028302ed4184","hash":"34b2213f34668069703cfb73906b1ecd91feb781"}
,"/Users/johnhodgson/Repos/json-karaoke-machine/src/includes/error-handler.js": {"path":"/Users/johnhodgson/Repos/json-karaoke-machine/src/includes/error-handler.js","statementMap":{"0":{"start":{"line":3,"column":25},"end":{"line":5,"column":1}},"1":{"start":{"line":4,"column":2},"end":{"line":4,"column":21}}},"fnMap":{"0":{"name":"(anonymous_0)","decl":{"start":{"line":3,"column":25},"end":{"line":3,"column":26}},"loc":{"start":{"line":3,"column":32},"end":{"line":5,"column":1}},"line":3}},"branchMap":{},"s":{"0":5,"1":1},"f":{"0":1},"b":{},"_coverageSchema":"43e27e138ebf9cfc5966b082cf9a028302ed4184","hash":"cc72683bfe847522d2923937f8dc4262304c85a0"}
,"/Users/johnhodgson/Repos/json-karaoke-machine/src/includes/music-machine.js": {"path":"/Users/johnhodgson/Repos/json-karaoke-machine/src/includes/music-machine.js","statementMap":{"0":{"start":{"line":20,"column":14},"end":{"line":20,"column":47}},"1":{"start":{"line":20,"column":22},"end":{"line":20,"column":47}},"2":{"start":{"line":23,"column":20},"end":{"line":38,"column":1}},"3":{"start":{"line":24,"column":2},"end":{"line":24,"column":15}},"4":{"start":{"line":25,"column":2},"end":{"line":25,"column":16}},"5":{"start":{"line":27,"column":2},"end":{"line":27,"column":37}},"6":{"start":{"line":27,"column":30},"end":{"line":27,"column":37}},"7":{"start":{"line":29,"column":2},"end":{"line":29,"column":28}},"8":{"start":{"line":31,"column":2},"end":{"line":34,"column":3}},"9":{"start":{"line":32,"column":4},"end":{"line":32,"column":61}},"10":{"start":{"line":33,"column":4},"end":{"line":33,"column":11}},"11":{"start":{"line":36,"column":2},"end":{"line":36,"column":35}},"12":{"start":{"line":37,"column":2},"end":{"line":37,"column":31}},"13":{"start":{"line":40,"column":33},"end":{"line":44,"column":2}},"14":{"start":{"line":40,"column":46},"end":{"line":44,"column":1}},"15":{"start":{"line":47,"column":34},"end":{"line":52,"column":1}},"16":{"start":{"line":48,"column":2},"end":{"line":48,"column":53}},"17":{"start":{"line":50,"column":20},"end":{"line":50,"column":24}},"18":{"start":{"line":51,"column":2},"end":{"line":51,"column":49}},"19":{"start":{"line":54,"column":34},"end":{"line":63,"column":1}},"20":{"start":{"line":54,"column":46},"end":{"line":63,"column":1}},"21":{"start":{"line":55,"column":2},"end":{"line":62,"column":3}},"22":{"start":{"line":56,"column":4},"end":{"line":61,"column":6}},"23":{"start":{"line":66,"column":22},"end":{"line":74,"column":1}},"24":{"start":{"line":67,"column":28},"end":{"line":67,"column":31}},"25":{"start":{"line":69,"column":2},"end":{"line":73,"column":3}},"26":{"start":{"line":70,"column":4},"end":{"line":70,"column":61}},"27":{"start":{"line":71,"column":4},"end":{"line":71,"column":47}},"28":{"start":{"line":72,"column":4},"end":{"line":72,"column":30}},"29":{"start":{"line":76,"column":37},"end":{"line":78,"column":1}},"30":{"start":{"line":77,"column":2},"end":{"line":77,"column":66}},"31":{"start":{"line":80,"column":29},"end":{"line":82,"column":1}},"32":{"start":{"line":81,"column":2},"end":{"line":81,"column":42}},"33":{"start":{"line":85,"column":26},"end":{"line":96,"column":1}},"34":{"start":{"line":85,"column":39},"end":{"line":96,"column":1}},"35":{"start":{"line":86,"column":2},"end":{"line":86,"column":21}},"36":{"start":{"line":87,"column":2},"end":{"line":87,"column":37}},"37":{"start":{"line":89,"column":2},"end":{"line":95,"column":3}},"38":{"start":{"line":90,"column":4},"end":{"line":90,"column":31}},"39":{"start":{"line":91,"column":4},"end":{"line":91,"column":56}},"40":{"start":{"line":92,"column":4},"end":{"line":92,"column":35}},"41":{"start":{"line":94,"column":4},"end":{"line":94,"column":34}},"42":{"start":{"line":99,"column":29},"end":{"line":103,"column":1}},"43":{"start":{"line":100,"column":2},"end":{"line":100,"column":55}},"44":{"start":{"line":101,"column":2},"end":{"line":101,"column":59}},"45":{"start":{"line":102,"column":2},"end":{"line":102,"column":64}},"46":{"start":{"line":106,"column":26},"end":{"line":111,"column":1}},"47":{"start":{"line":106,"column":34},"end":{"line":111,"column":1}},"48":{"start":{"line":107,"column":15},"end":{"line":107,"column":48}},"49":{"start":{"line":108,"column":2},"end":{"line":108,"column":44}},"50":{"start":{"line":109,"column":2},"end":{"line":109,"column":43}},"51":{"start":{"line":110,"column":2},"end":{"line":110,"column":21}},"52":{"start":{"line":115,"column":24},"end":{"line":127,"column":1}},"53":{"start":{"line":115,"column":41},"end":{"line":127,"column":1}},"54":{"start":{"line":116,"column":14},"end":{"line":116,"column":45}},"55":{"start":{"line":117,"column":2},"end":{"line":117,"column":24}},"56":{"start":{"line":119,"column":19},"end":{"line":119,"column":44}},"57":{"start":{"line":120,"column":2},"end":{"line":120,"column":29}},"58":{"start":{"line":121,"column":2},"end":{"line":121,"column":24}},"59":{"start":{"line":122,"column":2},"end":{"line":122,"column":45}},"60":{"start":{"line":124,"column":2},"end":{"line":124,"column":48}},"61":{"start":{"line":125,"column":2},"end":{"line":125,"column":18}},"62":{"start":{"line":126,"column":2},"end":{"line":126,"column":50}},"63":{"start":{"line":130,"column":27},"end":{"line":133,"column":50}},"64":{"start":{"line":131,"column":2},"end":{"line":133,"column":50}},"65":{"start":{"line":136,"column":27},"end":{"line":137,"column":45}},"66":{"start":{"line":137,"column":2},"end":{"line":137,"column":45}},"67":{"start":{"line":142,"column":24},"end":{"line":144,"column":1}},"68":{"start":{"line":143,"column":2},"end":{"line":143,"column":38}},"69":{"start":{"line":146,"column":25},"end":{"line":148,"column":1}},"70":{"start":{"line":147,"column":2},"end":{"line":147,"column":39}},"71":{"start":{"line":150,"column":21},"end":{"line":156,"column":1}},"72":{"start":{"line":151,"column":2},"end":{"line":155,"column":5}},"73":{"start":{"line":158,"column":25},"end":{"line":178,"column":1}},"74":{"start":{"line":159,"column":16},"end":{"line":175,"column":3}},"75":{"start":{"line":177,"column":2},"end":{"line":177,"column":57}},"76":{"start":{"line":181,"column":32},"end":{"line":190,"column":1}},"77":{"start":{"line":182,"column":2},"end":{"line":182,"column":32}},"78":{"start":{"line":182,"column":25},"end":{"line":182,"column":32}},"79":{"start":{"line":184,"column":15},"end":{"line":184,"column":53}},"80":{"start":{"line":185,"column":13},"end":{"line":185,"column":46}},"81":{"start":{"line":186,"column":2},"end":{"line":186,"column":23}},"82":{"start":{"line":187,"column":2},"end":{"line":187,"column":16}},"83":{"start":{"line":189,"column":2},"end":{"line":189,"column":30}}},"fnMap":{"0":{"name":"(anonymous_0)","decl":{"start":{"line":20,"column":14},"end":{"line":20,"column":15}},"loc":{"start":{"line":20,"column":22},"end":{"line":20,"column":47}},"line":20},"1":{"name":"(anonymous_1)","decl":{"start":{"line":23,"column":20},"end":{"line":23,"column":21}},"loc":{"start":{"line":23,"column":47},"end":{"line":38,"column":1}},"line":23},"2":{"name":"(anonymous_2)","decl":{"start":{"line":40,"column":33},"end":{"line":40,"column":34}},"loc":{"start":{"line":40,"column":46},"end":{"line":44,"column":1}},"line":40},"3":{"name":"(anonymous_3)","decl":{"start":{"line":47,"column":34},"end":{"line":47,"column":35}},"loc":{"start":{"line":47,"column":46},"end":{"line":52,"column":1}},"line":47},"4":{"name":"(anonymous_4)","decl":{"start":{"line":54,"column":34},"end":{"line":54,"column":35}},"loc":{"start":{"line":54,"column":46},"end":{"line":63,"column":1}},"line":54},"5":{"name":"(anonymous_5)","decl":{"start":{"line":54,"column":46},"end":{"line":54,"column":47}},"loc":{"start":{"line":54,"column":51},"end":{"line":63,"column":1}},"line":54},"6":{"name":"(anonymous_6)","decl":{"start":{"line":66,"column":22},"end":{"line":66,"column":23}},"loc":{"start":{"line":66,"column":69},"end":{"line":74,"column":1}},"line":66},"7":{"name":"(anonymous_7)","decl":{"start":{"line":76,"column":37},"end":{"line":76,"column":38}},"loc":{"start":{"line":76,"column":62},"end":{"line":78,"column":1}},"line":76},"8":{"name":"(anonymous_8)","decl":{"start":{"line":80,"column":29},"end":{"line":80,"column":30}},"loc":{"start":{"line":80,"column":43},"end":{"line":82,"column":1}},"line":80},"9":{"name":"(anonymous_9)","decl":{"start":{"line":85,"column":26},"end":{"line":85,"column":27}},"loc":{"start":{"line":85,"column":39},"end":{"line":96,"column":1}},"line":85},"10":{"name":"(anonymous_10)","decl":{"start":{"line":85,"column":39},"end":{"line":85,"column":40}},"loc":{"start":{"line":85,"column":45},"end":{"line":96,"column":1}},"line":85},"11":{"name":"(anonymous_11)","decl":{"start":{"line":99,"column":29},"end":{"line":99,"column":30}},"loc":{"start":{"line":99,"column":68},"end":{"line":103,"column":1}},"line":99},"12":{"name":"(anonymous_12)","decl":{"start":{"line":106,"column":26},"end":{"line":106,"column":27}},"loc":{"start":{"line":106,"column":34},"end":{"line":111,"column":1}},"line":106},"13":{"name":"(anonymous_13)","decl":{"start":{"line":106,"column":34},"end":{"line":106,"column":35}},"loc":{"start":{"line":106,"column":43},"end":{"line":111,"column":1}},"line":106},"14":{"name":"(anonymous_14)","decl":{"start":{"line":115,"column":24},"end":{"line":115,"column":25}},"loc":{"start":{"line":115,"column":41},"end":{"line":127,"column":1}},"line":115},"15":{"name":"(anonymous_15)","decl":{"start":{"line":115,"column":41},"end":{"line":115,"column":42}},"loc":{"start":{"line":115,"column":55},"end":{"line":127,"column":1}},"line":115},"16":{"name":"(anonymous_16)","decl":{"start":{"line":130,"column":27},"end":{"line":130,"column":28}},"loc":{"start":{"line":131,"column":2},"end":{"line":133,"column":50}},"line":131},"17":{"name":"(anonymous_17)","decl":{"start":{"line":136,"column":27},"end":{"line":136,"column":28}},"loc":{"start":{"line":137,"column":2},"end":{"line":137,"column":45}},"line":137},"18":{"name":"(anonymous_18)","decl":{"start":{"line":142,"column":24},"end":{"line":142,"column":25}},"loc":{"start":{"line":142,"column":30},"end":{"line":144,"column":1}},"line":142},"19":{"name":"(anonymous_19)","decl":{"start":{"line":146,"column":25},"end":{"line":146,"column":26}},"loc":{"start":{"line":146,"column":31},"end":{"line":148,"column":1}},"line":146},"20":{"name":"(anonymous_20)","decl":{"start":{"line":150,"column":21},"end":{"line":150,"column":22}},"loc":{"start":{"line":150,"column":27},"end":{"line":156,"column":1}},"line":150},"21":{"name":"(anonymous_21)","decl":{"start":{"line":158,"column":25},"end":{"line":158,"column":26}},"loc":{"start":{"line":158,"column":31},"end":{"line":178,"column":1}},"line":158},"22":{"name":"(anonymous_22)","decl":{"start":{"line":181,"column":32},"end":{"line":181,"column":33}},"loc":{"start":{"line":181,"column":38},"end":{"line":190,"column":1}},"line":181}},"branchMap":{"0":{"loc":{"start":{"line":27,"column":2},"end":{"line":27,"column":37}},"type":"if","locations":[{"start":{"line":27,"column":2},"end":{"line":27,"column":37}},{"start":{"line":27,"column":2},"end":{"line":27,"column":37}}],"line":27},"1":{"loc":{"start":{"line":31,"column":2},"end":{"line":34,"column":3}},"type":"if","locations":[{"start":{"line":31,"column":2},"end":{"line":34,"column":3}},{"start":{"line":31,"column":2},"end":{"line":34,"column":3}}],"line":31},"2":{"loc":{"start":{"line":31,"column":6},"end":{"line":31,"column":77}},"type":"binary-expr","locations":[{"start":{"line":31,"column":6},"end":{"line":31,"column":19}},{"start":{"line":31,"column":23},"end":{"line":31,"column":33}},{"start":{"line":31,"column":37},"end":{"line":31,"column":51}},{"start":{"line":31,"column":55},"end":{"line":31,"column":64}},{"start":{"line":31,"column":68},"end":{"line":31,"column":77}}],"line":31},"3":{"loc":{"start":{"line":55,"column":2},"end":{"line":62,"column":3}},"type":"if","locations":[{"start":{"line":55,"column":2},"end":{"line":62,"column":3}},{"start":{"line":55,"column":2},"end":{"line":62,"column":3}}],"line":55},"4":{"loc":{"start":{"line":69,"column":2},"end":{"line":73,"column":3}},"type":"if","locations":[{"start":{"line":69,"column":2},"end":{"line":73,"column":3}},{"start":{"line":69,"column":2},"end":{"line":73,"column":3}}],"line":69},"5":{"loc":{"start":{"line":89,"column":2},"end":{"line":95,"column":3}},"type":"if","locations":[{"start":{"line":89,"column":2},"end":{"line":95,"column":3}},{"start":{"line":89,"column":2},"end":{"line":95,"column":3}}],"line":89},"6":{"loc":{"start":{"line":131,"column":2},"end":{"line":133,"column":50}},"type":"cond-expr","locations":[{"start":{"line":132,"column":6},"end":{"line":132,"column":19}},{"start":{"line":133,"column":6},"end":{"line":133,"column":50}}],"line":131},"7":{"loc":{"start":{"line":182,"column":2},"end":{"line":182,"column":32}},"type":"if","locations":[{"start":{"line":182,"column":2},"end":{"line":182,"column":32}},{"start":{"line":182,"column":2},"end":{"line":182,"column":32}}],"line":182}},"s":{"0":4,"1":6,"2":4,"3":0,"4":0,"5":0,"6":0,"7":0,"8":0,"9":0,"10":0,"11":0,"12":0,"13":4,"14":3,"15":4,"16":2,"17":2,"18":2,"19":4,"20":4,"21":2,"22":2,"23":4,"24":4,"25":4,"26":3,"27":3,"28":3,"29":4,"30":3,"31":4,"32":3,"33":4,"34":4,"35":0,"36":0,"37":0,"38":0,"39":0,"40":0,"41":0,"42":4,"43":2,"44":2,"45":2,"46":4,"47":2,"48":0,"49":0,"50":0,"51":0,"52":4,"53":4,"54":0,"55":0,"56":0,"57":0,"58":0,"59":0,"60":0,"61":0,"62":0,"63":4,"64":0,"65":4,"66":0,"67":4,"68":0,"69":4,"70":0,"71":4,"72":0,"73":4,"74":0,"75":0,"76":4,"77":0,"78":0,"79":0,"80":0,"81":0,"82":0,"83":0},"f":{"0":6,"1":0,"2":3,"3":2,"4":4,"5":2,"6":4,"7":3,"8":3,"9":4,"10":0,"11":2,"12":2,"13":0,"14":4,"15":0,"16":0,"17":0,"18":0,"19":0,"20":0,"21":0,"22":0},"b":{"0":[0,0],"1":[0,0],"2":[0,0,0,0,0],"3":[2,0],"4":[3,1],"5":[0,0],"6":[0,0],"7":[0,0]},"_coverageSchema":"43e27e138ebf9cfc5966b082cf9a028302ed4184","hash":"5bf94642c46a71ff3107016422bbf7a4d1603e8e"}
,"/Users/johnhodgson/Repos/json-karaoke-machine/src/includes/samples-buffer.js": {"path":"/Users/johnhodgson/Repos/json-karaoke-machine/src/includes/samples-buffer.js","statementMap":{"0":{"start":{"line":4,"column":29},"end":{"line":17,"column":4}},"1":{"start":{"line":7,"column":25},"end":{"line":7,"column":63}},"2":{"start":{"line":7,"column":31},"end":{"line":7,"column":63}},"3":{"start":{"line":9,"column":2},"end":{"line":16,"column":4}},"4":{"start":{"line":11,"column":6},"end":{"line":13,"column":7}},"5":{"start":{"line":12,"column":8},"end":{"line":12,"column":36}},"6":{"start":{"line":14,"column":6},"end":{"line":14,"column":22}},"7":{"start":{"line":19,"column":20},"end":{"line":26,"column":3}},"8":{"start":{"line":20,"column":2},"end":{"line":26,"column":3}},"9":{"start":{"line":21,"column":26},"end":{"line":24,"column":5}},"10":{"start":{"line":28,"column":26},"end":{"line":36,"column":1}},"11":{"start":{"line":29,"column":2},"end":{"line":35,"column":5}},"12":{"start":{"line":30,"column":18},"end":{"line":30,"column":38}},"13":{"start":{"line":31,"column":4},"end":{"line":31,"column":35}},"14":{"start":{"line":32,"column":4},"end":{"line":32,"column":41}},"15":{"start":{"line":33,"column":4},"end":{"line":33,"column":54}},"16":{"start":{"line":34,"column":4},"end":{"line":34,"column":19}},"17":{"start":{"line":38,"column":22},"end":{"line":45,"column":1}},"18":{"start":{"line":38,"column":52},"end":{"line":45,"column":1}},"19":{"start":{"line":39,"column":23},"end":{"line":39,"column":44}},"20":{"start":{"line":40,"column":2},"end":{"line":44,"column":4}},"21":{"start":{"line":47,"column":23},"end":{"line":50,"column":1}},"22":{"start":{"line":47,"column":34},"end":{"line":50,"column":1}},"23":{"start":{"line":48,"column":2},"end":{"line":48,"column":22}},"24":{"start":{"line":48,"column":15},"end":{"line":48,"column":22}},"25":{"start":{"line":49,"column":2},"end":{"line":49,"column":18}},"26":{"start":{"line":52,"column":21},"end":{"line":54,"column":1}},"27":{"start":{"line":52,"column":31},"end":{"line":54,"column":1}},"28":{"start":{"line":53,"column":2},"end":{"line":53,"column":39}}},"fnMap":{"0":{"name":"(anonymous_0)","decl":{"start":{"line":4,"column":30},"end":{"line":4,"column":31}},"loc":{"start":{"line":4,"column":36},"end":{"line":17,"column":1}},"line":4},"1":{"name":"(anonymous_1)","decl":{"start":{"line":7,"column":25},"end":{"line":7,"column":26}},"loc":{"start":{"line":7,"column":31},"end":{"line":7,"column":63}},"line":7},"2":{"name":"(anonymous_2)","decl":{"start":{"line":10,"column":17},"end":{"line":10,"column":18}},"loc":{"start":{"line":10,"column":23},"end":{"line":15,"column":5}},"line":10},"3":{"name":"(anonymous_3)","decl":{"start":{"line":19,"column":20},"end":{"line":19,"column":21}},"loc":{"start":{"line":20,"column":2},"end":{"line":26,"column":3}},"line":20},"4":{"name":"(anonymous_4)","decl":{"start":{"line":21,"column":4},"end":{"line":21,"column":5}},"loc":{"start":{"line":21,"column":26},"end":{"line":24,"column":5}},"line":21},"5":{"name":"(anonymous_5)","decl":{"start":{"line":28,"column":26},"end":{"line":28,"column":27}},"loc":{"start":{"line":28,"column":33},"end":{"line":36,"column":1}},"line":28},"6":{"name":"(anonymous_6)","decl":{"start":{"line":29,"column":21},"end":{"line":29,"column":22}},"loc":{"start":{"line":29,"column":42},"end":{"line":35,"column":3}},"line":29},"7":{"name":"(anonymous_7)","decl":{"start":{"line":38,"column":22},"end":{"line":38,"column":23}},"loc":{"start":{"line":38,"column":52},"end":{"line":45,"column":1}},"line":38},"8":{"name":"(anonymous_8)","decl":{"start":{"line":38,"column":52},"end":{"line":38,"column":53}},"loc":{"start":{"line":38,"column":58},"end":{"line":45,"column":1}},"line":38},"9":{"name":"(anonymous_9)","decl":{"start":{"line":47,"column":23},"end":{"line":47,"column":24}},"loc":{"start":{"line":47,"column":34},"end":{"line":50,"column":1}},"line":47},"10":{"name":"(anonymous_10)","decl":{"start":{"line":47,"column":34},"end":{"line":47,"column":35}},"loc":{"start":{"line":47,"column":44},"end":{"line":50,"column":1}},"line":47},"11":{"name":"(anonymous_11)","decl":{"start":{"line":52,"column":21},"end":{"line":52,"column":22}},"loc":{"start":{"line":52,"column":31},"end":{"line":54,"column":1}},"line":52},"12":{"name":"(anonymous_12)","decl":{"start":{"line":52,"column":31},"end":{"line":52,"column":32}},"loc":{"start":{"line":52,"column":37},"end":{"line":54,"column":1}},"line":52}},"branchMap":{"0":{"loc":{"start":{"line":11,"column":6},"end":{"line":13,"column":7}},"type":"if","locations":[{"start":{"line":11,"column":6},"end":{"line":13,"column":7}},{"start":{"line":11,"column":6},"end":{"line":13,"column":7}}],"line":11},"1":{"loc":{"start":{"line":48,"column":2},"end":{"line":48,"column":22}},"type":"if","locations":[{"start":{"line":48,"column":2},"end":{"line":48,"column":22}},{"start":{"line":48,"column":2},"end":{"line":48,"column":22}}],"line":48}},"s":{"0":5,"1":5,"2":1,"3":5,"4":3,"5":1,"6":3,"7":5,"8":2,"9":4,"10":5,"11":4,"12":4,"13":4,"14":4,"15":4,"16":4,"17":5,"18":4,"19":3,"20":3,"21":5,"22":4,"23":2,"24":1,"25":1,"26":5,"27":3,"28":1},"f":{"0":5,"1":1,"2":3,"3":2,"4":4,"5":4,"6":4,"7":4,"8":3,"9":4,"10":2,"11":3,"12":1},"b":{"0":[1,2],"1":[1,1]},"_coverageSchema":"43e27e138ebf9cfc5966b082cf9a028302ed4184","hash":"886f2aa0b821acfb44169e1eff3de993b023166f"}
,"/Users/johnhodgson/Repos/json-karaoke-machine/src/includes/metronome/index.js": {"path":"/Users/johnhodgson/Repos/json-karaoke-machine/src/includes/metronome/index.js","statementMap":{"0":{"start":{"line":1,"column":25},"end":{"line":16,"column":4}},"1":{"start":{"line":4,"column":25},"end":{"line":6,"column":3}},"2":{"start":{"line":5,"column":4},"end":{"line":5,"column":45}},"3":{"start":{"line":8,"column":2},"end":{"line":15,"column":4}},"4":{"start":{"line":10,"column":6},"end":{"line":12,"column":7}},"5":{"start":{"line":11,"column":8},"end":{"line":11,"column":36}},"6":{"start":{"line":13,"column":6},"end":{"line":13,"column":22}}},"fnMap":{"0":{"name":"(anonymous_0)","decl":{"start":{"line":1,"column":26},"end":{"line":1,"column":27}},"loc":{"start":{"line":1,"column":32},"end":{"line":16,"column":1}},"line":1},"1":{"name":"(anonymous_1)","decl":{"start":{"line":4,"column":25},"end":{"line":4,"column":26}},"loc":{"start":{"line":4,"column":31},"end":{"line":6,"column":3}},"line":4},"2":{"name":"(anonymous_2)","decl":{"start":{"line":9,"column":17},"end":{"line":9,"column":18}},"loc":{"start":{"line":9,"column":23},"end":{"line":14,"column":5}},"line":9}},"branchMap":{"0":{"loc":{"start":{"line":10,"column":6},"end":{"line":12,"column":7}},"type":"if","locations":[{"start":{"line":10,"column":6},"end":{"line":12,"column":7}},{"start":{"line":10,"column":6},"end":{"line":12,"column":7}}],"line":10}},"s":{"0":5,"1":5,"2":1,"3":5,"4":3,"5":1,"6":3},"f":{"0":5,"1":1,"2":3},"b":{"0":[1,2]},"_coverageSchema":"43e27e138ebf9cfc5966b082cf9a028302ed4184","hash":"5d54f630054a82cedd7aa30fd9fb48d009204e36"}
,"/Users/johnhodgson/Repos/json-karaoke-machine/src/reducers/index.js": {"path":"/Users/johnhodgson/Repos/json-karaoke-machine/src/reducers/index.js","statementMap":{},"fnMap":{},"branchMap":{},"s":{},"f":{},"b":{},"_coverageSchema":"43e27e138ebf9cfc5966b082cf9a028302ed4184","hash":"506a521dbafef335b4d03cf224b7838c0f4f6837"}
,"/Users/johnhodgson/Repos/json-karaoke-machine/src/reducers/settings.js": {"path":"/Users/johnhodgson/Repos/json-karaoke-machine/src/reducers/settings.js","statementMap":{"0":{"start":{"line":1,"column":17},"end":{"line":30,"column":1}},"1":{"start":{"line":5,"column":2},"end":{"line":29,"column":3}},"2":{"start":{"line":7,"column":6},"end":{"line":7,"column":63}},"3":{"start":{"line":10,"column":6},"end":{"line":10,"column":68}},"4":{"start":{"line":13,"column":6},"end":{"line":13,"column":67}},"5":{"start":{"line":16,"column":6},"end":{"line":16,"column":69}},"6":{"start":{"line":19,"column":6},"end":{"line":19,"column":71}},"7":{"start":{"line":22,"column":6},"end":{"line":22,"column":70}},"8":{"start":{"line":25,"column":6},"end":{"line":25,"column":66}},"9":{"start":{"line":28,"column":6},"end":{"line":28,"column":19}}},"fnMap":{"0":{"name":"(anonymous_0)","decl":{"start":{"line":1,"column":17},"end":{"line":1,"column":18}},"loc":{"start":{"line":4,"column":5},"end":{"line":30,"column":1}},"line":4}},"branchMap":{"0":{"loc":{"start":{"line":2,"column":2},"end":{"line":2,"column":74}},"type":"default-arg","locations":[{"start":{"line":2,"column":10},"end":{"line":2,"column":74}}],"line":2},"1":{"loc":{"start":{"line":5,"column":2},"end":{"line":29,"column":3}},"type":"switch","locations":[{"start":{"line":6,"column":4},"end":{"line":7,"column":63}},{"start":{"line":9,"column":4},"end":{"line":10,"column":68}},{"start":{"line":12,"column":4},"end":{"line":13,"column":67}},{"start":{"line":15,"column":4},"end":{"line":16,"column":69}},{"start":{"line":18,"column":4},"end":{"line":19,"column":71}},{"start":{"line":21,"column":4},"end":{"line":22,"column":70}},{"start":{"line":24,"column":4},"end":{"line":25,"column":66}},{"start":{"line":27,"column":4},"end":{"line":28,"column":19}}],"line":5}},"s":{"0":3,"1":13,"2":1,"3":1,"4":1,"5":1,"6":1,"7":1,"8":1,"9":6},"f":{"0":13},"b":{"0":[6],"1":[1,1,1,1,1,1,1,6]},"_coverageSchema":"43e27e138ebf9cfc5966b082cf9a028302ed4184","hash":"018bf927427f3914982095a5ce1611870b5d8e6e"}
,"/Users/johnhodgson/Repos/json-karaoke-machine/src/songs/VanHalenJump/bass.js": {"path":"/Users/johnhodgson/Repos/json-karaoke-machine/src/songs/VanHalenJump/bass.js","statementMap":{},"fnMap":{},"branchMap":{},"s":{},"f":{},"b":{},"_coverageSchema":"43e27e138ebf9cfc5966b082cf9a028302ed4184","hash":"e39f61e803ccb1362c98ddbecb6cfe57e25c721e"}
,"/Users/johnhodgson/Repos/json-karaoke-machine/src/songs/VanHalenJump/drums.js": {"path":"/Users/johnhodgson/Repos/json-karaoke-machine/src/songs/VanHalenJump/drums.js","statementMap":{},"fnMap":{},"branchMap":{},"s":{},"f":{},"b":{},"_coverageSchema":"43e27e138ebf9cfc5966b082cf9a028302ed4184","hash":"d4e372f5b29297a75bc1d98211abea4332b790ee"}
,"/Users/johnhodgson/Repos/json-karaoke-machine/src/songs/VanHalenJump/index.js": {"path":"/Users/johnhodgson/Repos/json-karaoke-machine/src/songs/VanHalenJump/index.js","statementMap":{"0":{"start":{"line":6,"column":13},"end":{"line":11,"column":1}}},"fnMap":{},"branchMap":{},"s":{"0":9},"f":{},"b":{},"_coverageSchema":"43e27e138ebf9cfc5966b082cf9a028302ed4184","hash":"6dec480cff55aa82f06d6b38baaa6bfdd29871ec"}
,"/Users/johnhodgson/Repos/json-karaoke-machine/src/songs/VanHalenJump/lyrics.js": {"path":"/Users/johnhodgson/Repos/json-karaoke-machine/src/songs/VanHalenJump/lyrics.js","statementMap":{},"fnMap":{},"branchMap":{},"s":{},"f":{},"b":{},"_coverageSchema":"43e27e138ebf9cfc5966b082cf9a028302ed4184","hash":"bd45b098c4c62cadd72567110b34e1be6627be3d"}
,"/Users/johnhodgson/Repos/json-karaoke-machine/src/songs/VanHalenJump/polySynth.js": {"path":"/Users/johnhodgson/Repos/json-karaoke-machine/src/songs/VanHalenJump/polySynth.js","statementMap":{},"fnMap":{},"branchMap":{},"s":{},"f":{},"b":{},"_coverageSchema":"43e27e138ebf9cfc5966b082cf9a028302ed4184","hash":"b3fcf37366b3a06fe73b8effbb57fddaf789ad5b"}
}
