{"/Users/johnhodgson/Repos/json-karaoke-machine/assetsTransformer.js": {"path":"/Users/johnhodgson/Repos/json-karaoke-machine/assetsTransformer.js","statementMap":{"0":{"start":{"line":1,"column":13},"end":{"line":1,"column":28}},"1":{"start":{"line":3,"column":0},"end":{"line":7,"column":2}},"2":{"start":{"line":5,"column":4},"end":{"line":5,"column":79}}},"fnMap":{"0":{"name":"(anonymous_0)","decl":{"start":{"line":4,"column":2},"end":{"line":4,"column":3}},"loc":{"start":{"line":4,"column":42},"end":{"line":6,"column":3}},"line":4}},"branchMap":{},"s":{"0":7,"1":7,"2":0},"f":{"0":0},"b":{},"_coverageSchema":"43e27e138ebf9cfc5966b082cf9a028302ed4184","hash":"136077752d251f2133c84b4ee5d60ef521b768e5"}
,"/Users/johnhodgson/Repos/json-karaoke-machine/src/store.js": {"path":"/Users/johnhodgson/Repos/json-karaoke-machine/src/store.js","statementMap":{"0":{"start":{"line":4,"column":21},"end":{"line":7,"column":1}}},"fnMap":{},"branchMap":{"0":{"loc":{"start":{"line":6,"column":2},"end":{"line":6,"column":78}},"type":"binary-expr","locations":[{"start":{"line":6,"column":2},"end":{"line":6,"column":37}},{"start":{"line":6,"column":41},"end":{"line":6,"column":78}}],"line":6}},"s":{"0":2},"f":{},"b":{"0":[2,0]},"_coverageSchema":"43e27e138ebf9cfc5966b082cf9a028302ed4184","hash":"b2828862ccb382ec1f56c22e22439d54408065ee"}
,"/Users/johnhodgson/Repos/json-karaoke-machine/src/actions/index.js": {"path":"/Users/johnhodgson/Repos/json-karaoke-machine/src/actions/index.js","statementMap":{"0":{"start":{"line":1,"column":24},"end":{"line":4,"column":2}},"1":{"start":{"line":1,"column":34},"end":{"line":4,"column":1}},"2":{"start":{"line":6,"column":29},"end":{"line":9,"column":2}},"3":{"start":{"line":6,"column":39},"end":{"line":9,"column":1}},"4":{"start":{"line":11,"column":28},"end":{"line":14,"column":2}},"5":{"start":{"line":11,"column":38},"end":{"line":14,"column":1}},"6":{"start":{"line":16,"column":30},"end":{"line":19,"column":2}},"7":{"start":{"line":16,"column":40},"end":{"line":19,"column":1}},"8":{"start":{"line":21,"column":32},"end":{"line":24,"column":2}},"9":{"start":{"line":21,"column":42},"end":{"line":24,"column":1}},"10":{"start":{"line":26,"column":31},"end":{"line":29,"column":2}},"11":{"start":{"line":26,"column":41},"end":{"line":29,"column":1}},"12":{"start":{"line":31,"column":27},"end":{"line":34,"column":2}},"13":{"start":{"line":31,"column":37},"end":{"line":34,"column":1}}},"fnMap":{"0":{"name":"(anonymous_0)","decl":{"start":{"line":1,"column":24},"end":{"line":1,"column":25}},"loc":{"start":{"line":1,"column":34},"end":{"line":4,"column":1}},"line":1},"1":{"name":"(anonymous_1)","decl":{"start":{"line":6,"column":29},"end":{"line":6,"column":30}},"loc":{"start":{"line":6,"column":39},"end":{"line":9,"column":1}},"line":6},"2":{"name":"(anonymous_2)","decl":{"start":{"line":11,"column":28},"end":{"line":11,"column":29}},"loc":{"start":{"line":11,"column":38},"end":{"line":14,"column":1}},"line":11},"3":{"name":"(anonymous_3)","decl":{"start":{"line":16,"column":30},"end":{"line":16,"column":31}},"loc":{"start":{"line":16,"column":40},"end":{"line":19,"column":1}},"line":16},"4":{"name":"(anonymous_4)","decl":{"start":{"line":21,"column":32},"end":{"line":21,"column":33}},"loc":{"start":{"line":21,"column":42},"end":{"line":24,"column":1}},"line":21},"5":{"name":"(anonymous_5)","decl":{"start":{"line":26,"column":31},"end":{"line":26,"column":32}},"loc":{"start":{"line":26,"column":41},"end":{"line":29,"column":1}},"line":26},"6":{"name":"(anonymous_6)","decl":{"start":{"line":31,"column":27},"end":{"line":31,"column":28}},"loc":{"start":{"line":31,"column":37},"end":{"line":34,"column":1}},"line":31}},"branchMap":{},"s":{"0":2,"1":2,"2":2,"3":0,"4":2,"5":0,"6":2,"7":0,"8":2,"9":0,"10":2,"11":0,"12":2,"13":0},"f":{"0":2,"1":0,"2":0,"3":0,"4":0,"5":0,"6":0},"b":{},"_coverageSchema":"43e27e138ebf9cfc5966b082cf9a028302ed4184","hash":"f0cf70462c6498812a5bb25cc069c54e49f4d504"}
,"/Users/johnhodgson/Repos/json-karaoke-machine/src/components/About.js": {"path":"/Users/johnhodgson/Repos/json-karaoke-machine/src/components/About.js","statementMap":{"0":{"start":{"line":6,"column":14},"end":{"line":183,"column":1}},"1":{"start":{"line":13,"column":2},"end":{"line":15,"column":9}},"2":{"start":{"line":14,"column":4},"end":{"line":14,"column":20}},"3":{"start":{"line":17,"column":2},"end":{"line":182,"column":4}}},"fnMap":{"0":{"name":"(anonymous_0)","decl":{"start":{"line":6,"column":14},"end":{"line":6,"column":15}},"loc":{"start":{"line":12,"column":6},"end":{"line":183,"column":1}},"line":12},"1":{"name":"(anonymous_1)","decl":{"start":{"line":13,"column":12},"end":{"line":13,"column":13}},"loc":{"start":{"line":13,"column":18},"end":{"line":15,"column":3}},"line":13}},"branchMap":{},"s":{"0":1,"1":2,"2":1,"3":2},"f":{"0":2,"1":1},"b":{},"_coverageSchema":"43e27e138ebf9cfc5966b082cf9a028302ed4184","hash":"a245435803a6e4fb34ed875e74abbc99db69f560"}
,"/Users/johnhodgson/Repos/json-karaoke-machine/src/components/Bass.js": {"path":"/Users/johnhodgson/Repos/json-karaoke-machine/src/components/Bass.js","statementMap":{"0":{"start":{"line":4,"column":13},"end":{"line":14,"column":1}},"1":{"start":{"line":5,"column":2},"end":{"line":13,"column":12}}},"fnMap":{"0":{"name":"(anonymous_0)","decl":{"start":{"line":4,"column":13},"end":{"line":4,"column":14}},"loc":{"start":{"line":5,"column":2},"end":{"line":13,"column":12}},"line":5}},"branchMap":{},"s":{"0":3,"1":3},"f":{"0":3},"b":{},"_coverageSchema":"43e27e138ebf9cfc5966b082cf9a028302ed4184","hash":"7f3cbdc73972f531ac9dd164efceab0d3289e320"}
,"/Users/johnhodgson/Repos/json-karaoke-machine/src/components/Drums.js": {"path":"/Users/johnhodgson/Repos/json-karaoke-machine/src/components/Drums.js","statementMap":{"0":{"start":{"line":4,"column":14},"end":{"line":14,"column":1}},"1":{"start":{"line":5,"column":2},"end":{"line":13,"column":12}}},"fnMap":{"0":{"name":"(anonymous_0)","decl":{"start":{"line":4,"column":14},"end":{"line":4,"column":15}},"loc":{"start":{"line":5,"column":2},"end":{"line":13,"column":12}},"line":5}},"branchMap":{},"s":{"0":3,"1":3},"f":{"0":3},"b":{},"_coverageSchema":"43e27e138ebf9cfc5966b082cf9a028302ed4184","hash":"e871c502702d6a9b60767106b56ef18349ad5f44"}
,"/Users/johnhodgson/Repos/json-karaoke-machine/src/components/Footer.js": {"path":"/Users/johnhodgson/Repos/json-karaoke-machine/src/components/Footer.js","statementMap":{"0":{"start":{"line":3,"column":15},"end":{"line":9,"column":1}},"1":{"start":{"line":4,"column":2},"end":{"line":8,"column":11}}},"fnMap":{"0":{"name":"(anonymous_0)","decl":{"start":{"line":3,"column":15},"end":{"line":3,"column":16}},"loc":{"start":{"line":4,"column":2},"end":{"line":8,"column":11}},"line":4}},"branchMap":{},"s":{"0":4,"1":5},"f":{"0":5},"b":{},"_coverageSchema":"43e27e138ebf9cfc5966b082cf9a028302ed4184","hash":"f77139b298065361c780f38cc3dbfc93198f4153"}
,"/Users/johnhodgson/Repos/json-karaoke-machine/src/components/Header.js": {"path":"/Users/johnhodgson/Repos/json-karaoke-machine/src/components/Header.js","statementMap":{"0":{"start":{"line":4,"column":15},"end":{"line":45,"column":1}},"1":{"start":{"line":5,"column":2},"end":{"line":44,"column":8}}},"fnMap":{"0":{"name":"(anonymous_0)","decl":{"start":{"line":4,"column":15},"end":{"line":4,"column":16}},"loc":{"start":{"line":5,"column":2},"end":{"line":44,"column":8}},"line":5}},"branchMap":{"0":{"loc":{"start":{"line":17,"column":7},"end":{"line":42,"column":7}},"type":"binary-expr","locations":[{"start":{"line":17,"column":7},"end":{"line":17,"column":11}},{"start":{"line":18,"column":8},"end":{"line":41,"column":14}}],"line":17},"1":{"loc":{"start":{"line":26,"column":13},"end":{"line":26,"column":41}},"type":"cond-expr","locations":[{"start":{"line":26,"column":25},"end":{"line":26,"column":31}},{"start":{"line":26,"column":34},"end":{"line":26,"column":41}}],"line":26}},"s":{"0":4,"1":5},"f":{"0":5},"b":{"0":[5,3],"1":[2,1]},"_coverageSchema":"43e27e138ebf9cfc5966b082cf9a028302ed4184","hash":"49ec64b9c090aea523f0bafa9457820a88504163"}
,"/Users/johnhodgson/Repos/json-karaoke-machine/src/components/Home.js": {"path":"/Users/johnhodgson/Repos/json-karaoke-machine/src/components/Home.js","statementMap":{"0":{"start":{"line":13,"column":13},"end":{"line":45,"column":1}},"1":{"start":{"line":20,"column":2},"end":{"line":22,"column":9}},"2":{"start":{"line":21,"column":4},"end":{"line":21,"column":19}},"3":{"start":{"line":24,"column":2},"end":{"line":44,"column":4}}},"fnMap":{"0":{"name":"(anonymous_0)","decl":{"start":{"line":13,"column":13},"end":{"line":13,"column":14}},"loc":{"start":{"line":19,"column":6},"end":{"line":45,"column":1}},"line":19},"1":{"name":"(anonymous_1)","decl":{"start":{"line":20,"column":12},"end":{"line":20,"column":13}},"loc":{"start":{"line":20,"column":18},"end":{"line":22,"column":3}},"line":20}},"branchMap":{"0":{"loc":{"start":{"line":42,"column":7},"end":{"line":42,"column":73}},"type":"binary-expr","locations":[{"start":{"line":42,"column":7},"end":{"line":42,"column":16}},{"start":{"line":42,"column":20},"end":{"line":42,"column":73}}],"line":42}},"s":{"0":2,"1":2,"2":1,"3":2},"f":{"0":2,"1":1},"b":{"0":[2,2]},"_coverageSchema":"43e27e138ebf9cfc5966b082cf9a028302ed4184","hash":"f4b5d1e7c813f2a703c34adfac72afe03708a050"}
,"/Users/johnhodgson/Repos/json-karaoke-machine/src/components/JSONFormatter.js": {"path":"/Users/johnhodgson/Repos/json-karaoke-machine/src/components/JSONFormatter.js","statementMap":{"0":{"start":{"line":3,"column":19},"end":{"line":37,"column":1}},"1":{"start":{"line":4,"column":16},"end":{"line":4,"column":48}},"2":{"start":{"line":7,"column":2},"end":{"line":15,"column":3}},"3":{"start":{"line":8,"column":4},"end":{"line":14,"column":5}},"4":{"start":{"line":8,"column":17},"end":{"line":8,"column":18}},"5":{"start":{"line":9,"column":6},"end":{"line":13,"column":55}},"6":{"start":{"line":13,"column":8},"end":{"line":13,"column":55}},"7":{"start":{"line":17,"column":15},"end":{"line":17,"column":17}},"8":{"start":{"line":18,"column":2},"end":{"line":20,"column":3}},"9":{"start":{"line":18,"column":15},"end":{"line":18,"column":16}},"10":{"start":{"line":19,"column":4},"end":{"line":19,"column":21}},"11":{"start":{"line":22,"column":2},"end":{"line":36,"column":3}},"12":{"start":{"line":22,"column":47},"end":{"line":22,"column":80}},"13":{"start":{"line":24,"column":4},"end":{"line":34,"column":31}},"14":{"start":{"line":35,"column":4},"end":{"line":35,"column":31}},"15":{"start":{"line":39,"column":22},"end":{"line":43,"column":1}},"16":{"start":{"line":40,"column":2},"end":{"line":42,"column":8}}},"fnMap":{"0":{"name":"(anonymous_0)","decl":{"start":{"line":3,"column":19},"end":{"line":3,"column":20}},"loc":{"start":{"line":3,"column":53},"end":{"line":37,"column":1}},"line":3},"1":{"name":"(anonymous_1)","decl":{"start":{"line":39,"column":22},"end":{"line":39,"column":23}},"loc":{"start":{"line":40,"column":2},"end":{"line":42,"column":8}},"line":40}},"branchMap":{"0":{"loc":{"start":{"line":7,"column":2},"end":{"line":15,"column":3}},"type":"if","locations":[{"start":{"line":7,"column":2},"end":{"line":15,"column":3}},{"start":{"line":7,"column":2},"end":{"line":15,"column":3}}],"line":7},"1":{"loc":{"start":{"line":7,"column":6},"end":{"line":7,"column":39}},"type":"binary-expr","locations":[{"start":{"line":7,"column":6},"end":{"line":7,"column":21}},{"start":{"line":7,"column":25},"end":{"line":7,"column":39}}],"line":7},"2":{"loc":{"start":{"line":9,"column":6},"end":{"line":13,"column":55}},"type":"if","locations":[{"start":{"line":9,"column":6},"end":{"line":13,"column":55}},{"start":{"line":9,"column":6},"end":{"line":13,"column":55}}],"line":9},"3":{"loc":{"start":{"line":10,"column":8},"end":{"line":11,"column":44}},"type":"binary-expr","locations":[{"start":{"line":10,"column":8},"end":{"line":10,"column":39}},{"start":{"line":11,"column":8},"end":{"line":11,"column":44}}],"line":10},"4":{"loc":{"start":{"line":22,"column":2},"end":{"line":36,"column":3}},"type":"if","locations":[{"start":{"line":22,"column":2},"end":{"line":36,"column":3}},{"start":{"line":22,"column":2},"end":{"line":36,"column":3}}],"line":22},"5":{"loc":{"start":{"line":22,"column":6},"end":{"line":22,"column":45}},"type":"binary-expr","locations":[{"start":{"line":22,"column":6},"end":{"line":22,"column":26}},{"start":{"line":22,"column":30},"end":{"line":22,"column":45}}],"line":22}},"s":{"0":6,"1":10,"2":10,"3":3,"4":3,"5":18,"6":1,"7":10,"8":10,"9":10,"10":27,"11":10,"12":2,"13":8,"14":8,"15":6,"16":10},"f":{"0":10,"1":10},"b":{"0":[3,7],"1":[10,3],"2":[1,17],"3":[18,3],"4":[2,8],"5":[10,10]},"_coverageSchema":"43e27e138ebf9cfc5966b082cf9a028302ed4184","hash":"09a1ca920617d41660b3abc41489f546d44a578c"}
,"/Users/johnhodgson/Repos/json-karaoke-machine/src/components/Lyrics.js": {"path":"/Users/johnhodgson/Repos/json-karaoke-machine/src/components/Lyrics.js","statementMap":{"0":{"start":{"line":3,"column":18},"end":{"line":3,"column":20}},"1":{"start":{"line":4,"column":17},"end":{"line":4,"column":18}},"2":{"start":{"line":6,"column":26},"end":{"line":44,"column":1}},"3":{"start":{"line":7,"column":23},"end":{"line":9,"column":3}},"4":{"start":{"line":8,"column":14},"end":{"line":8,"column":69}},"5":{"start":{"line":10,"column":2},"end":{"line":10,"column":38}},"6":{"start":{"line":10,"column":23},"end":{"line":10,"column":38}},"7":{"start":{"line":11,"column":2},"end":{"line":11,"column":68}},"8":{"start":{"line":11,"column":40},"end":{"line":11,"column":68}},"9":{"start":{"line":13,"column":20},"end":{"line":15,"column":3}},"10":{"start":{"line":14,"column":14},"end":{"line":14,"column":79}},"11":{"start":{"line":16,"column":17},"end":{"line":16,"column":57}},"12":{"start":{"line":16,"column":38},"end":{"line":16,"column":47}},"13":{"start":{"line":18,"column":2},"end":{"line":24,"column":27}},"14":{"start":{"line":24,"column":4},"end":{"line":24,"column":27}},"15":{"start":{"line":26,"column":2},"end":{"line":41,"column":3}},"16":{"start":{"line":27,"column":4},"end":{"line":29,"column":5}},"17":{"start":{"line":28,"column":6},"end":{"line":28,"column":23}},"18":{"start":{"line":31,"column":4},"end":{"line":40,"column":5}},"19":{"start":{"line":34,"column":8},"end":{"line":35,"column":39}},"20":{"start":{"line":36,"column":6},"end":{"line":39,"column":68}},"21":{"start":{"line":43,"column":2},"end":{"line":43,"column":33}},"22":{"start":{"line":46,"column":15},"end":{"line":51,"column":1}},"23":{"start":{"line":47,"column":2},"end":{"line":50,"column":8}}},"fnMap":{"0":{"name":"(anonymous_0)","decl":{"start":{"line":6,"column":26},"end":{"line":6,"column":27}},"loc":{"start":{"line":6,"column":48},"end":{"line":44,"column":1}},"line":6},"1":{"name":"(anonymous_1)","decl":{"start":{"line":8,"column":4},"end":{"line":8,"column":5}},"loc":{"start":{"line":8,"column":14},"end":{"line":8,"column":69}},"line":8},"2":{"name":"(anonymous_2)","decl":{"start":{"line":14,"column":4},"end":{"line":14,"column":5}},"loc":{"start":{"line":14,"column":14},"end":{"line":14,"column":79}},"line":14},"3":{"name":"(anonymous_3)","decl":{"start":{"line":16,"column":33},"end":{"line":16,"column":34}},"loc":{"start":{"line":16,"column":38},"end":{"line":16,"column":47}},"line":16},"4":{"name":"(anonymous_4)","decl":{"start":{"line":46,"column":15},"end":{"line":46,"column":16}},"loc":{"start":{"line":47,"column":2},"end":{"line":50,"column":8}},"line":47}},"branchMap":{"0":{"loc":{"start":{"line":8,"column":14},"end":{"line":8,"column":69}},"type":"binary-expr","locations":[{"start":{"line":8,"column":14},"end":{"line":8,"column":28}},{"start":{"line":8,"column":32},"end":{"line":8,"column":44}},{"start":{"line":8,"column":48},"end":{"line":8,"column":69}}],"line":8},"1":{"loc":{"start":{"line":10,"column":2},"end":{"line":10,"column":38}},"type":"if","locations":[{"start":{"line":10,"column":2},"end":{"line":10,"column":38}},{"start":{"line":10,"column":2},"end":{"line":10,"column":38}}],"line":10},"2":{"loc":{"start":{"line":11,"column":2},"end":{"line":11,"column":68}},"type":"if","locations":[{"start":{"line":11,"column":2},"end":{"line":11,"column":68}},{"start":{"line":11,"column":2},"end":{"line":11,"column":68}}],"line":11},"3":{"loc":{"start":{"line":14,"column":14},"end":{"line":14,"column":79}},"type":"binary-expr","locations":[{"start":{"line":14,"column":14},"end":{"line":14,"column":28}},{"start":{"line":14,"column":32},"end":{"line":14,"column":50}},{"start":{"line":14,"column":54},"end":{"line":14,"column":66}},{"start":{"line":14,"column":70},"end":{"line":14,"column":79}}],"line":14},"4":{"loc":{"start":{"line":18,"column":2},"end":{"line":24,"column":27}},"type":"if","locations":[{"start":{"line":18,"column":2},"end":{"line":24,"column":27}},{"start":{"line":18,"column":2},"end":{"line":24,"column":27}}],"line":18},"5":{"loc":{"start":{"line":26,"column":2},"end":{"line":41,"column":3}},"type":"if","locations":[{"start":{"line":26,"column":2},"end":{"line":41,"column":3}},{"start":{"line":26,"column":2},"end":{"line":41,"column":3}}],"line":26},"6":{"loc":{"start":{"line":26,"column":6},"end":{"line":26,"column":53}},"type":"binary-expr","locations":[{"start":{"line":26,"column":6},"end":{"line":26,"column":22}},{"start":{"line":26,"column":26},"end":{"line":26,"column":53}}],"line":26},"7":{"loc":{"start":{"line":27,"column":4},"end":{"line":29,"column":5}},"type":"if","locations":[{"start":{"line":27,"column":4},"end":{"line":29,"column":5}},{"start":{"line":27,"column":4},"end":{"line":29,"column":5}}],"line":27},"8":{"loc":{"start":{"line":31,"column":4},"end":{"line":40,"column":5}},"type":"if","locations":[{"start":{"line":31,"column":4},"end":{"line":40,"column":5}},{"start":{"line":31,"column":4},"end":{"line":40,"column":5}}],"line":31}},"s":{"0":3,"1":3,"2":3,"3":6,"4":408,"5":6,"6":1,"7":6,"8":1,"9":6,"10":5958,"11":6,"12":11,"13":6,"14":2,"15":6,"16":2,"17":1,"18":2,"19":1,"20":1,"21":6,"22":3,"23":6},"f":{"0":6,"1":408,"2":5958,"3":11,"4":6},"b":{"0":[408,154,12],"1":[1,5],"2":[1,5],"3":[5958,5878,323,14],"4":[2,4],"5":[2,4],"6":[6,6],"7":[1,1],"8":[1,1]},"_coverageSchema":"43e27e138ebf9cfc5966b082cf9a028302ed4184","hash":"aef3c1531f5f4b669c0c8856d0691675b44501dd"}
,"/Users/johnhodgson/Repos/json-karaoke-machine/src/components/PolySynth.js": {"path":"/Users/johnhodgson/Repos/json-karaoke-machine/src/components/PolySynth.js","statementMap":{"0":{"start":{"line":4,"column":18},"end":{"line":14,"column":1}},"1":{"start":{"line":5,"column":2},"end":{"line":13,"column":12}}},"fnMap":{"0":{"name":"(anonymous_0)","decl":{"start":{"line":4,"column":18},"end":{"line":4,"column":19}},"loc":{"start":{"line":5,"column":2},"end":{"line":13,"column":12}},"line":5}},"branchMap":{},"s":{"0":3,"1":3},"f":{"0":3},"b":{},"_coverageSchema":"43e27e138ebf9cfc5966b082cf9a028302ed4184","hash":"a8d1a97df1a15b8aa7e0b754f5545d084dd1d461"}
,"/Users/johnhodgson/Repos/json-karaoke-machine/src/components/SongChooser.js": {"path":"/Users/johnhodgson/Repos/json-karaoke-machine/src/components/SongChooser.js","statementMap":{"0":{"start":{"line":3,"column":20},"end":{"line":50,"column":1}},"1":{"start":{"line":4,"column":2},"end":{"line":49,"column":11}}},"fnMap":{"0":{"name":"(anonymous_0)","decl":{"start":{"line":3,"column":20},"end":{"line":3,"column":21}},"loc":{"start":{"line":4,"column":2},"end":{"line":49,"column":11}},"line":4}},"branchMap":{"0":{"loc":{"start":{"line":21,"column":17},"end":{"line":21,"column":45}},"type":"cond-expr","locations":[{"start":{"line":21,"column":29},"end":{"line":21,"column":35}},{"start":{"line":21,"column":38},"end":{"line":21,"column":45}}],"line":21}},"s":{"0":3,"1":3},"f":{"0":3},"b":{"0":[2,1]},"_coverageSchema":"43e27e138ebf9cfc5966b082cf9a028302ed4184","hash":"0c849a528ee92be4b2e5b9cdadea406cf1d481fb"}
,"/Users/johnhodgson/Repos/json-karaoke-machine/src/containers/Home.js": {"path":"/Users/johnhodgson/Repos/json-karaoke-machine/src/containers/Home.js","statementMap":{"0":{"start":{"line":8,"column":21},"end":{"line":10,"column":1}},"1":{"start":{"line":9,"column":2},"end":{"line":9,"column":13}},"2":{"start":{"line":12,"column":31},"end":{"line":18,"column":2}},"3":{"start":{"line":12,"column":41},"end":{"line":18,"column":1}},"4":{"start":{"line":20,"column":34},"end":{"line":24,"column":2}},"5":{"start":{"line":20,"column":47},"end":{"line":24,"column":1}},"6":{"start":{"line":22,"column":4},"end":{"line":22,"column":30}}},"fnMap":{"0":{"name":"(anonymous_0)","decl":{"start":{"line":8,"column":21},"end":{"line":8,"column":22}},"loc":{"start":{"line":8,"column":27},"end":{"line":10,"column":1}},"line":8},"1":{"name":"(anonymous_1)","decl":{"start":{"line":12,"column":31},"end":{"line":12,"column":32}},"loc":{"start":{"line":12,"column":41},"end":{"line":18,"column":1}},"line":12},"2":{"name":"(anonymous_2)","decl":{"start":{"line":20,"column":34},"end":{"line":20,"column":35}},"loc":{"start":{"line":20,"column":47},"end":{"line":24,"column":1}},"line":20},"3":{"name":"(anonymous_3)","decl":{"start":{"line":21,"column":21},"end":{"line":21,"column":22}},"loc":{"start":{"line":21,"column":48},"end":{"line":23,"column":3}},"line":21}},"branchMap":{},"s":{"0":1,"1":0,"2":1,"3":1,"4":1,"5":2,"6":2},"f":{"0":0,"1":1,"2":2,"3":2},"b":{},"_coverageSchema":"43e27e138ebf9cfc5966b082cf9a028302ed4184","hash":"7c2a19c1f2d257317b7c75e7a2d7e11f7edab239"}
,"/Users/johnhodgson/Repos/json-karaoke-machine/src/data/note-frequencies.js": {"path":"/Users/johnhodgson/Repos/json-karaoke-machine/src/data/note-frequencies.js","statementMap":{"0":{"start":{"line":1,"column":24},"end":{"line":14,"column":1}}},"fnMap":{},"branchMap":{},"s":{"0":7},"f":{},"b":{},"_coverageSchema":"43e27e138ebf9cfc5966b082cf9a028302ed4184","hash":"3bc9520eedbc1cdca5fb4fa1ad588769b480dcc5"}
,"/Users/johnhodgson/Repos/json-karaoke-machine/src/data/samples.js": {"path":"/Users/johnhodgson/Repos/json-karaoke-machine/src/data/samples.js","statementMap":{"0":{"start":{"line":1,"column":13},"end":{"line":1,"column":43}},"1":{"start":{"line":2,"column":14},"end":{"line":2,"column":45}},"2":{"start":{"line":4,"column":16},"end":{"line":4,"column":31}}},"fnMap":{},"branchMap":{},"s":{"0":2,"1":2,"2":2},"f":{},"b":{},"_coverageSchema":"43e27e138ebf9cfc5966b082cf9a028302ed4184","hash":"49dba1868bd37347d46250191c6d3047836a4cd9"}
,"/Users/johnhodgson/Repos/json-karaoke-machine/src/data/sound-types.js": {"path":"/Users/johnhodgson/Repos/json-karaoke-machine/src/data/sound-types.js","statementMap":{"0":{"start":{"line":1,"column":19},"end":{"line":4,"column":1}}},"fnMap":{},"branchMap":{},"s":{"0":7},"f":{},"b":{},"_coverageSchema":"43e27e138ebf9cfc5966b082cf9a028302ed4184","hash":"bf422513556ae5f4e33139e28ad46a2a7236d86d"}
,"/Users/johnhodgson/Repos/json-karaoke-machine/src/includes/audio-context.js": {"path":"/Users/johnhodgson/Repos/json-karaoke-machine/src/includes/audio-context.js","statementMap":{"0":{"start":{"line":1,"column":23},"end":{"line":17,"column":4}},"1":{"start":{"line":4,"column":25},"end":{"line":7,"column":3}},"2":{"start":{"line":5,"column":25},"end":{"line":5,"column":73}},"3":{"start":{"line":6,"column":4},"end":{"line":6,"column":30}},"4":{"start":{"line":9,"column":2},"end":{"line":16,"column":4}},"5":{"start":{"line":11,"column":6},"end":{"line":13,"column":7}},"6":{"start":{"line":12,"column":8},"end":{"line":12,"column":36}},"7":{"start":{"line":14,"column":6},"end":{"line":14,"column":22}}},"fnMap":{"0":{"name":"(anonymous_0)","decl":{"start":{"line":1,"column":24},"end":{"line":1,"column":25}},"loc":{"start":{"line":1,"column":30},"end":{"line":17,"column":1}},"line":1},"1":{"name":"(anonymous_1)","decl":{"start":{"line":4,"column":25},"end":{"line":4,"column":26}},"loc":{"start":{"line":4,"column":31},"end":{"line":7,"column":3}},"line":4},"2":{"name":"(anonymous_2)","decl":{"start":{"line":10,"column":17},"end":{"line":10,"column":18}},"loc":{"start":{"line":10,"column":23},"end":{"line":15,"column":5}},"line":10}},"branchMap":{"0":{"loc":{"start":{"line":5,"column":25},"end":{"line":5,"column":73}},"type":"binary-expr","locations":[{"start":{"line":5,"column":25},"end":{"line":5,"column":44}},{"start":{"line":5,"column":48},"end":{"line":5,"column":73}}],"line":5},"1":{"loc":{"start":{"line":11,"column":6},"end":{"line":13,"column":7}},"type":"if","locations":[{"start":{"line":11,"column":6},"end":{"line":13,"column":7}},{"start":{"line":11,"column":6},"end":{"line":13,"column":7}}],"line":11}},"s":{"0":2,"1":2,"2":0,"3":0,"4":2,"5":0,"6":0,"7":0},"f":{"0":2,"1":0,"2":0},"b":{"0":[0,0],"1":[0,0]},"_coverageSchema":"43e27e138ebf9cfc5966b082cf9a028302ed4184","hash":"bc934821b7b6f563f2e1284bfbc4cb6d52497bb9"}
,"/Users/johnhodgson/Repos/json-karaoke-machine/src/includes/error-handler.js": {"path":"/Users/johnhodgson/Repos/json-karaoke-machine/src/includes/error-handler.js","statementMap":{"0":{"start":{"line":3,"column":25},"end":{"line":5,"column":1}},"1":{"start":{"line":4,"column":2},"end":{"line":4,"column":21}}},"fnMap":{"0":{"name":"(anonymous_0)","decl":{"start":{"line":3,"column":25},"end":{"line":3,"column":26}},"loc":{"start":{"line":3,"column":32},"end":{"line":5,"column":1}},"line":3}},"branchMap":{},"s":{"0":2,"1":0},"f":{"0":0},"b":{},"_coverageSchema":"43e27e138ebf9cfc5966b082cf9a028302ed4184","hash":"cc72683bfe847522d2923937f8dc4262304c85a0"}
,"/Users/johnhodgson/Repos/json-karaoke-machine/src/includes/music-machine.js": {"path":"/Users/johnhodgson/Repos/json-karaoke-machine/src/includes/music-machine.js","statementMap":{"0":{"start":{"line":16,"column":20},"end":{"line":30,"column":1}},"1":{"start":{"line":17,"column":2},"end":{"line":17,"column":40}},"2":{"start":{"line":17,"column":33},"end":{"line":17,"column":40}},"3":{"start":{"line":18,"column":2},"end":{"line":18,"column":41}},"4":{"start":{"line":20,"column":18},"end":{"line":20,"column":39}},"5":{"start":{"line":21,"column":20},"end":{"line":21,"column":43}},"6":{"start":{"line":22,"column":17},"end":{"line":22,"column":50}},"7":{"start":{"line":24,"column":2},"end":{"line":27,"column":3}},"8":{"start":{"line":25,"column":4},"end":{"line":25,"column":61}},"9":{"start":{"line":26,"column":4},"end":{"line":26,"column":11}},"10":{"start":{"line":29,"column":2},"end":{"line":29,"column":31}},"11":{"start":{"line":33,"column":17},"end":{"line":35,"column":1}},"12":{"start":{"line":34,"column":2},"end":{"line":34,"column":41}},"13":{"start":{"line":38,"column":27},"end":{"line":49,"column":1}},"14":{"start":{"line":39,"column":20},"end":{"line":39,"column":43}},"15":{"start":{"line":41,"column":2},"end":{"line":45,"column":4}},"16":{"start":{"line":42,"column":4},"end":{"line":44,"column":5}},"17":{"start":{"line":43,"column":6},"end":{"line":43,"column":23}},"18":{"start":{"line":47,"column":20},"end":{"line":47,"column":24}},"19":{"start":{"line":48,"column":2},"end":{"line":48,"column":49}},"20":{"start":{"line":52,"column":15},"end":{"line":62,"column":1}},"21":{"start":{"line":53,"column":23},"end":{"line":53,"column":44}},"22":{"start":{"line":54,"column":28},"end":{"line":54,"column":31}},"23":{"start":{"line":55,"column":23},"end":{"line":55,"column":47}},"24":{"start":{"line":57,"column":2},"end":{"line":61,"column":3}},"25":{"start":{"line":58,"column":4},"end":{"line":58,"column":42}},"26":{"start":{"line":59,"column":4},"end":{"line":59,"column":28}},"27":{"start":{"line":60,"column":4},"end":{"line":60,"column":20}},"28":{"start":{"line":64,"column":30},"end":{"line":70,"column":1}},"29":{"start":{"line":65,"column":2},"end":{"line":69,"column":4}},"30":{"start":{"line":72,"column":22},"end":{"line":74,"column":1}},"31":{"start":{"line":73,"column":2},"end":{"line":73,"column":60}},"32":{"start":{"line":77,"column":26},"end":{"line":93,"column":1}},"33":{"start":{"line":78,"column":2},"end":{"line":78,"column":21}},"34":{"start":{"line":80,"column":23},"end":{"line":80,"column":44}},"35":{"start":{"line":81,"column":20},"end":{"line":81,"column":43}},"36":{"start":{"line":83,"column":20},"end":{"line":83,"column":41}},"37":{"start":{"line":84,"column":2},"end":{"line":84,"column":43}},"38":{"start":{"line":86,"column":2},"end":{"line":92,"column":3}},"39":{"start":{"line":87,"column":4},"end":{"line":87,"column":37}},"40":{"start":{"line":88,"column":4},"end":{"line":88,"column":62}},"41":{"start":{"line":89,"column":4},"end":{"line":89,"column":35}},"42":{"start":{"line":91,"column":4},"end":{"line":91,"column":34}},"43":{"start":{"line":96,"column":22},"end":{"line":116,"column":1}},"44":{"start":{"line":97,"column":21},"end":{"line":97,"column":43}},"45":{"start":{"line":100,"column":2},"end":{"line":102,"column":3}},"46":{"start":{"line":101,"column":4},"end":{"line":101,"column":48}},"47":{"start":{"line":105,"column":2},"end":{"line":107,"column":3}},"48":{"start":{"line":106,"column":4},"end":{"line":106,"column":57}},"49":{"start":{"line":110,"column":2},"end":{"line":115,"column":3}},"50":{"start":{"line":114,"column":4},"end":{"line":114,"column":62}},"51":{"start":{"line":119,"column":18},"end":{"line":127,"column":1}},"52":{"start":{"line":120,"column":24},"end":{"line":120,"column":57}},"53":{"start":{"line":121,"column":2},"end":{"line":121,"column":29}},"54":{"start":{"line":121,"column":22},"end":{"line":121,"column":29}},"55":{"start":{"line":123,"column":2},"end":{"line":126,"column":5}},"56":{"start":{"line":124,"column":4},"end":{"line":124,"column":68}},"57":{"start":{"line":124,"column":34},"end":{"line":124,"column":68}},"58":{"start":{"line":125,"column":4},"end":{"line":125,"column":69}},"59":{"start":{"line":125,"column":35},"end":{"line":125,"column":69}},"60":{"start":{"line":130,"column":18},"end":{"line":137,"column":1}},"61":{"start":{"line":131,"column":23},"end":{"line":131,"column":44}},"62":{"start":{"line":133,"column":15},"end":{"line":133,"column":48}},"63":{"start":{"line":134,"column":2},"end":{"line":134,"column":25}},"64":{"start":{"line":135,"column":2},"end":{"line":135,"column":43}},"65":{"start":{"line":136,"column":2},"end":{"line":136,"column":21}},"66":{"start":{"line":141,"column":28},"end":{"line":159,"column":1}},"67":{"start":{"line":142,"column":23},"end":{"line":142,"column":44}},"68":{"start":{"line":144,"column":2},"end":{"line":158,"column":5}},"69":{"start":{"line":145,"column":19},"end":{"line":145,"column":42}},"70":{"start":{"line":146,"column":19},"end":{"line":146,"column":42}},"71":{"start":{"line":148,"column":14},"end":{"line":148,"column":45}},"72":{"start":{"line":149,"column":4},"end":{"line":149,"column":26}},"73":{"start":{"line":150,"column":19},"end":{"line":150,"column":44}},"74":{"start":{"line":151,"column":4},"end":{"line":151,"column":31}},"75":{"start":{"line":152,"column":4},"end":{"line":152,"column":26}},"76":{"start":{"line":153,"column":4},"end":{"line":153,"column":47}},"77":{"start":{"line":155,"column":4},"end":{"line":155,"column":35}},"78":{"start":{"line":156,"column":4},"end":{"line":156,"column":20}},"79":{"start":{"line":157,"column":4},"end":{"line":157,"column":30}},"80":{"start":{"line":162,"column":20},"end":{"line":168,"column":1}},"81":{"start":{"line":163,"column":2},"end":{"line":167,"column":3}},"82":{"start":{"line":164,"column":4},"end":{"line":164,"column":25}},"83":{"start":{"line":166,"column":4},"end":{"line":166,"column":56}},"84":{"start":{"line":171,"column":20},"end":{"line":173,"column":1}},"85":{"start":{"line":172,"column":2},"end":{"line":172,"column":65}},"86":{"start":{"line":179,"column":24},"end":{"line":184,"column":1}},"87":{"start":{"line":180,"column":24},"end":{"line":180,"column":57}},"88":{"start":{"line":182,"column":15},"end":{"line":182,"column":31}},"89":{"start":{"line":183,"column":2},"end":{"line":183,"column":21}},"90":{"start":{"line":187,"column":25},"end":{"line":193,"column":1}},"91":{"start":{"line":188,"column":24},"end":{"line":188,"column":57}},"92":{"start":{"line":189,"column":2},"end":{"line":189,"column":29}},"93":{"start":{"line":189,"column":22},"end":{"line":189,"column":29}},"94":{"start":{"line":191,"column":16},"end":{"line":191,"column":32}},"95":{"start":{"line":192,"column":2},"end":{"line":192,"column":22}},"96":{"start":{"line":196,"column":30},"end":{"line":212,"column":1}},"97":{"start":{"line":197,"column":23},"end":{"line":197,"column":44}},"98":{"start":{"line":199,"column":12},"end":{"line":199,"column":43}},"99":{"start":{"line":200,"column":2},"end":{"line":200,"column":24}},"100":{"start":{"line":201,"column":17},"end":{"line":201,"column":42}},"101":{"start":{"line":202,"column":2},"end":{"line":202,"column":29}},"102":{"start":{"line":203,"column":2},"end":{"line":203,"column":24}},"103":{"start":{"line":204,"column":2},"end":{"line":204,"column":45}},"104":{"start":{"line":206,"column":2},"end":{"line":206,"column":30}},"105":{"start":{"line":207,"column":2},"end":{"line":207,"column":14}},"106":{"start":{"line":209,"column":2},"end":{"line":211,"column":11}},"107":{"start":{"line":210,"column":4},"end":{"line":210,"column":15}},"108":{"start":{"line":215,"column":25},"end":{"line":234,"column":1}},"109":{"start":{"line":216,"column":23},"end":{"line":216,"column":44}},"110":{"start":{"line":217,"column":16},"end":{"line":217,"column":35}},"111":{"start":{"line":219,"column":2},"end":{"line":233,"column":5}},"112":{"start":{"line":220,"column":14},"end":{"line":220,"column":45}},"113":{"start":{"line":221,"column":4},"end":{"line":221,"column":26}},"114":{"start":{"line":222,"column":19},"end":{"line":222,"column":44}},"115":{"start":{"line":223,"column":4},"end":{"line":223,"column":31}},"116":{"start":{"line":224,"column":4},"end":{"line":224,"column":26}},"117":{"start":{"line":225,"column":4},"end":{"line":225,"column":47}},"118":{"start":{"line":227,"column":4},"end":{"line":227,"column":31}},"119":{"start":{"line":228,"column":4},"end":{"line":228,"column":16}},"120":{"start":{"line":230,"column":4},"end":{"line":232,"column":13}},"121":{"start":{"line":231,"column":6},"end":{"line":231,"column":17}},"122":{"start":{"line":237,"column":25},"end":{"line":248,"column":1}},"123":{"start":{"line":238,"column":2},"end":{"line":238,"column":35}},"124":{"start":{"line":238,"column":28},"end":{"line":238,"column":35}},"125":{"start":{"line":240,"column":23},"end":{"line":240,"column":44}},"126":{"start":{"line":242,"column":15},"end":{"line":242,"column":53}},"127":{"start":{"line":243,"column":13},"end":{"line":243,"column":46}},"128":{"start":{"line":244,"column":2},"end":{"line":244,"column":23}},"129":{"start":{"line":245,"column":2},"end":{"line":245,"column":16}},"130":{"start":{"line":247,"column":2},"end":{"line":247,"column":36}}},"fnMap":{"0":{"name":"(anonymous_0)","decl":{"start":{"line":16,"column":20},"end":{"line":16,"column":21}},"loc":{"start":{"line":16,"column":38},"end":{"line":30,"column":1}},"line":16},"1":{"name":"(anonymous_1)","decl":{"start":{"line":33,"column":17},"end":{"line":33,"column":18}},"loc":{"start":{"line":33,"column":25},"end":{"line":35,"column":1}},"line":33},"2":{"name":"(anonymous_2)","decl":{"start":{"line":38,"column":27},"end":{"line":38,"column":28}},"loc":{"start":{"line":38,"column":39},"end":{"line":49,"column":1}},"line":38},"3":{"name":"(anonymous_3)","decl":{"start":{"line":41,"column":24},"end":{"line":41,"column":25}},"loc":{"start":{"line":41,"column":29},"end":{"line":45,"column":3}},"line":41},"4":{"name":"(anonymous_4)","decl":{"start":{"line":52,"column":15},"end":{"line":52,"column":16}},"loc":{"start":{"line":52,"column":27},"end":{"line":62,"column":1}},"line":52},"5":{"name":"(anonymous_5)","decl":{"start":{"line":64,"column":30},"end":{"line":64,"column":31}},"loc":{"start":{"line":64,"column":36},"end":{"line":70,"column":1}},"line":64},"6":{"name":"(anonymous_6)","decl":{"start":{"line":72,"column":22},"end":{"line":72,"column":23}},"loc":{"start":{"line":72,"column":28},"end":{"line":74,"column":1}},"line":72},"7":{"name":"(anonymous_7)","decl":{"start":{"line":77,"column":26},"end":{"line":77,"column":27}},"loc":{"start":{"line":77,"column":32},"end":{"line":93,"column":1}},"line":77},"8":{"name":"(anonymous_8)","decl":{"start":{"line":96,"column":22},"end":{"line":96,"column":23}},"loc":{"start":{"line":96,"column":42},"end":{"line":116,"column":1}},"line":96},"9":{"name":"(anonymous_9)","decl":{"start":{"line":119,"column":18},"end":{"line":119,"column":19}},"loc":{"start":{"line":119,"column":53},"end":{"line":127,"column":1}},"line":119},"10":{"name":"(anonymous_10)","decl":{"start":{"line":123,"column":28},"end":{"line":123,"column":29}},"loc":{"start":{"line":123,"column":37},"end":{"line":126,"column":3}},"line":123},"11":{"name":"(anonymous_11)","decl":{"start":{"line":130,"column":18},"end":{"line":130,"column":19}},"loc":{"start":{"line":130,"column":36},"end":{"line":137,"column":1}},"line":130},"12":{"name":"(anonymous_12)","decl":{"start":{"line":141,"column":28},"end":{"line":141,"column":29}},"loc":{"start":{"line":141,"column":51},"end":{"line":159,"column":1}},"line":141},"13":{"name":"(anonymous_13)","decl":{"start":{"line":144,"column":22},"end":{"line":144,"column":23}},"loc":{"start":{"line":144,"column":36},"end":{"line":158,"column":3}},"line":144},"14":{"name":"(anonymous_14)","decl":{"start":{"line":162,"column":20},"end":{"line":162,"column":21}},"loc":{"start":{"line":162,"column":32},"end":{"line":168,"column":1}},"line":162},"15":{"name":"(anonymous_15)","decl":{"start":{"line":171,"column":20},"end":{"line":171,"column":21}},"loc":{"start":{"line":171,"column":34},"end":{"line":173,"column":1}},"line":171},"16":{"name":"(anonymous_16)","decl":{"start":{"line":179,"column":24},"end":{"line":179,"column":25}},"loc":{"start":{"line":179,"column":36},"end":{"line":184,"column":1}},"line":179},"17":{"name":"(anonymous_17)","decl":{"start":{"line":187,"column":25},"end":{"line":187,"column":26}},"loc":{"start":{"line":187,"column":37},"end":{"line":193,"column":1}},"line":187},"18":{"name":"(anonymous_18)","decl":{"start":{"line":196,"column":30},"end":{"line":196,"column":31}},"loc":{"start":{"line":196,"column":36},"end":{"line":212,"column":1}},"line":196},"19":{"name":"(anonymous_19)","decl":{"start":{"line":209,"column":13},"end":{"line":209,"column":14}},"loc":{"start":{"line":209,"column":19},"end":{"line":211,"column":3}},"line":209},"20":{"name":"(anonymous_20)","decl":{"start":{"line":215,"column":25},"end":{"line":215,"column":26}},"loc":{"start":{"line":215,"column":31},"end":{"line":234,"column":1}},"line":215},"21":{"name":"(anonymous_21)","decl":{"start":{"line":219,"column":16},"end":{"line":219,"column":17}},"loc":{"start":{"line":219,"column":24},"end":{"line":233,"column":3}},"line":219},"22":{"name":"(anonymous_22)","decl":{"start":{"line":230,"column":15},"end":{"line":230,"column":16}},"loc":{"start":{"line":230,"column":21},"end":{"line":232,"column":5}},"line":230},"23":{"name":"(anonymous_23)","decl":{"start":{"line":237,"column":25},"end":{"line":237,"column":26}},"loc":{"start":{"line":237,"column":31},"end":{"line":248,"column":1}},"line":237}},"branchMap":{"0":{"loc":{"start":{"line":17,"column":2},"end":{"line":17,"column":40}},"type":"if","locations":[{"start":{"line":17,"column":2},"end":{"line":17,"column":40}},{"start":{"line":17,"column":2},"end":{"line":17,"column":40}}],"line":17},"1":{"loc":{"start":{"line":24,"column":2},"end":{"line":27,"column":3}},"type":"if","locations":[{"start":{"line":24,"column":2},"end":{"line":27,"column":3}},{"start":{"line":24,"column":2},"end":{"line":27,"column":3}}],"line":24},"2":{"loc":{"start":{"line":24,"column":6},"end":{"line":24,"column":39}},"type":"binary-expr","locations":[{"start":{"line":24,"column":6},"end":{"line":24,"column":14}},{"start":{"line":24,"column":18},"end":{"line":24,"column":28}},{"start":{"line":24,"column":32},"end":{"line":24,"column":39}}],"line":24},"3":{"loc":{"start":{"line":42,"column":4},"end":{"line":44,"column":5}},"type":"if","locations":[{"start":{"line":42,"column":4},"end":{"line":44,"column":5}},{"start":{"line":42,"column":4},"end":{"line":44,"column":5}}],"line":42},"4":{"loc":{"start":{"line":57,"column":2},"end":{"line":61,"column":3}},"type":"if","locations":[{"start":{"line":57,"column":2},"end":{"line":61,"column":3}},{"start":{"line":57,"column":2},"end":{"line":61,"column":3}}],"line":57},"5":{"loc":{"start":{"line":86,"column":2},"end":{"line":92,"column":3}},"type":"if","locations":[{"start":{"line":86,"column":2},"end":{"line":92,"column":3}},{"start":{"line":86,"column":2},"end":{"line":92,"column":3}}],"line":86},"6":{"loc":{"start":{"line":100,"column":2},"end":{"line":102,"column":3}},"type":"if","locations":[{"start":{"line":100,"column":2},"end":{"line":102,"column":3}},{"start":{"line":100,"column":2},"end":{"line":102,"column":3}}],"line":100},"7":{"loc":{"start":{"line":100,"column":6},"end":{"line":100,"column":73}},"type":"binary-expr","locations":[{"start":{"line":100,"column":6},"end":{"line":100,"column":32}},{"start":{"line":100,"column":36},"end":{"line":100,"column":73}}],"line":100},"8":{"loc":{"start":{"line":105,"column":2},"end":{"line":107,"column":3}},"type":"if","locations":[{"start":{"line":105,"column":2},"end":{"line":107,"column":3}},{"start":{"line":105,"column":2},"end":{"line":107,"column":3}}],"line":105},"9":{"loc":{"start":{"line":105,"column":6},"end":{"line":105,"column":71}},"type":"binary-expr","locations":[{"start":{"line":105,"column":6},"end":{"line":105,"column":31}},{"start":{"line":105,"column":35},"end":{"line":105,"column":71}}],"line":105},"10":{"loc":{"start":{"line":110,"column":2},"end":{"line":115,"column":3}},"type":"if","locations":[{"start":{"line":110,"column":2},"end":{"line":115,"column":3}},{"start":{"line":110,"column":2},"end":{"line":115,"column":3}}],"line":110},"11":{"loc":{"start":{"line":111,"column":4},"end":{"line":112,"column":45}},"type":"binary-expr","locations":[{"start":{"line":111,"column":4},"end":{"line":111,"column":34}},{"start":{"line":112,"column":4},"end":{"line":112,"column":45}}],"line":111},"12":{"loc":{"start":{"line":121,"column":2},"end":{"line":121,"column":29}},"type":"if","locations":[{"start":{"line":121,"column":2},"end":{"line":121,"column":29}},{"start":{"line":121,"column":2},"end":{"line":121,"column":29}}],"line":121},"13":{"loc":{"start":{"line":124,"column":4},"end":{"line":124,"column":68}},"type":"if","locations":[{"start":{"line":124,"column":4},"end":{"line":124,"column":68}},{"start":{"line":124,"column":4},"end":{"line":124,"column":68}}],"line":124},"14":{"loc":{"start":{"line":125,"column":4},"end":{"line":125,"column":69}},"type":"if","locations":[{"start":{"line":125,"column":4},"end":{"line":125,"column":69}},{"start":{"line":125,"column":4},"end":{"line":125,"column":69}}],"line":125},"15":{"loc":{"start":{"line":163,"column":2},"end":{"line":167,"column":3}},"type":"if","locations":[{"start":{"line":163,"column":2},"end":{"line":167,"column":3}},{"start":{"line":163,"column":2},"end":{"line":167,"column":3}}],"line":163},"16":{"loc":{"start":{"line":189,"column":2},"end":{"line":189,"column":29}},"type":"if","locations":[{"start":{"line":189,"column":2},"end":{"line":189,"column":29}},{"start":{"line":189,"column":2},"end":{"line":189,"column":29}}],"line":189},"17":{"loc":{"start":{"line":238,"column":2},"end":{"line":238,"column":35}},"type":"if","locations":[{"start":{"line":238,"column":2},"end":{"line":238,"column":35}},{"start":{"line":238,"column":2},"end":{"line":238,"column":35}}],"line":238}},"s":{"0":2,"1":0,"2":0,"3":0,"4":0,"5":0,"6":0,"7":0,"8":0,"9":0,"10":0,"11":2,"12":0,"13":2,"14":0,"15":0,"16":0,"17":0,"18":0,"19":0,"20":2,"21":0,"22":0,"23":0,"24":0,"25":0,"26":0,"27":0,"28":2,"29":0,"30":2,"31":0,"32":2,"33":0,"34":0,"35":0,"36":0,"37":0,"38":0,"39":0,"40":0,"41":0,"42":0,"43":2,"44":0,"45":0,"46":0,"47":0,"48":0,"49":0,"50":0,"51":2,"52":0,"53":0,"54":0,"55":0,"56":0,"57":0,"58":0,"59":0,"60":2,"61":0,"62":0,"63":0,"64":0,"65":0,"66":2,"67":0,"68":0,"69":0,"70":0,"71":0,"72":0,"73":0,"74":0,"75":0,"76":0,"77":0,"78":0,"79":0,"80":2,"81":0,"82":0,"83":0,"84":2,"85":0,"86":2,"87":0,"88":0,"89":0,"90":2,"91":0,"92":0,"93":0,"94":0,"95":0,"96":2,"97":0,"98":0,"99":0,"100":0,"101":0,"102":0,"103":0,"104":0,"105":0,"106":0,"107":0,"108":2,"109":0,"110":0,"111":0,"112":0,"113":0,"114":0,"115":0,"116":0,"117":0,"118":0,"119":0,"120":0,"121":0,"122":2,"123":0,"124":0,"125":0,"126":0,"127":0,"128":0,"129":0,"130":0},"f":{"0":0,"1":0,"2":0,"3":0,"4":0,"5":0,"6":0,"7":0,"8":0,"9":0,"10":0,"11":0,"12":0,"13":0,"14":0,"15":0,"16":0,"17":0,"18":0,"19":0,"20":0,"21":0,"22":0,"23":0},"b":{"0":[0,0],"1":[0,0],"2":[0,0,0],"3":[0,0],"4":[0,0],"5":[0,0],"6":[0,0],"7":[0,0],"8":[0,0],"9":[0,0],"10":[0,0],"11":[0,0],"12":[0,0],"13":[0,0],"14":[0,0],"15":[0,0],"16":[0,0],"17":[0,0]},"_coverageSchema":"43e27e138ebf9cfc5966b082cf9a028302ed4184","hash":"3fe00bfd84026f8fc6f3351cbd0fc102b4ddb032"}
,"/Users/johnhodgson/Repos/json-karaoke-machine/src/includes/samples-buffer.js": {"path":"/Users/johnhodgson/Repos/json-karaoke-machine/src/includes/samples-buffer.js","statementMap":{"0":{"start":{"line":4,"column":16},"end":{"line":4,"column":17}},"1":{"start":{"line":5,"column":19},"end":{"line":5,"column":21}},"2":{"start":{"line":7,"column":29},"end":{"line":22,"column":4}},"3":{"start":{"line":10,"column":25},"end":{"line":10,"column":66}},"4":{"start":{"line":10,"column":31},"end":{"line":10,"column":66}},"5":{"start":{"line":12,"column":2},"end":{"line":21,"column":4}},"6":{"start":{"line":14,"column":6},"end":{"line":18,"column":7}},"7":{"start":{"line":15,"column":8},"end":{"line":17,"column":11}},"8":{"start":{"line":16,"column":10},"end":{"line":16,"column":27}},"9":{"start":{"line":19,"column":6},"end":{"line":19,"column":22}},"10":{"start":{"line":24,"column":13},"end":{"line":28,"column":1}},"11":{"start":{"line":25,"column":2},"end":{"line":27,"column":5}},"12":{"start":{"line":26,"column":4},"end":{"line":26,"column":49}},"13":{"start":{"line":30,"column":19},"end":{"line":38,"column":1}},"14":{"start":{"line":30,"column":40},"end":{"line":38,"column":1}},"15":{"start":{"line":31,"column":16},"end":{"line":31,"column":36}},"16":{"start":{"line":32,"column":2},"end":{"line":32,"column":33}},"17":{"start":{"line":33,"column":2},"end":{"line":33,"column":39}},"18":{"start":{"line":35,"column":2},"end":{"line":35,"column":64}},"19":{"start":{"line":37,"column":2},"end":{"line":37,"column":17}},"20":{"start":{"line":40,"column":15},"end":{"line":48,"column":1}},"21":{"start":{"line":40,"column":57},"end":{"line":48,"column":1}},"22":{"start":{"line":41,"column":23},"end":{"line":41,"column":44}},"23":{"start":{"line":43,"column":2},"end":{"line":47,"column":4}},"24":{"start":{"line":50,"column":16},"end":{"line":59,"column":1}},"25":{"start":{"line":50,"column":41},"end":{"line":59,"column":1}},"26":{"start":{"line":51,"column":2},"end":{"line":53,"column":3}},"27":{"start":{"line":52,"column":4},"end":{"line":52,"column":11}},"28":{"start":{"line":54,"column":2},"end":{"line":54,"column":25}},"29":{"start":{"line":56,"column":2},"end":{"line":58,"column":3}},"30":{"start":{"line":57,"column":4},"end":{"line":57,"column":24}},"31":{"start":{"line":61,"column":14},"end":{"line":63,"column":1}},"32":{"start":{"line":61,"column":24},"end":{"line":63,"column":1}},"33":{"start":{"line":62,"column":2},"end":{"line":62,"column":39}}},"fnMap":{"0":{"name":"(anonymous_0)","decl":{"start":{"line":7,"column":30},"end":{"line":7,"column":31}},"loc":{"start":{"line":7,"column":36},"end":{"line":22,"column":1}},"line":7},"1":{"name":"(anonymous_1)","decl":{"start":{"line":10,"column":25},"end":{"line":10,"column":26}},"loc":{"start":{"line":10,"column":31},"end":{"line":10,"column":66}},"line":10},"2":{"name":"(anonymous_2)","decl":{"start":{"line":13,"column":17},"end":{"line":13,"column":18}},"loc":{"start":{"line":13,"column":29},"end":{"line":20,"column":5}},"line":13},"3":{"name":"(anonymous_3)","decl":{"start":{"line":15,"column":48},"end":{"line":15,"column":49}},"loc":{"start":{"line":15,"column":55},"end":{"line":17,"column":9}},"line":15},"4":{"name":"(anonymous_4)","decl":{"start":{"line":24,"column":13},"end":{"line":24,"column":14}},"loc":{"start":{"line":24,"column":24},"end":{"line":28,"column":1}},"line":24},"5":{"name":"(anonymous_5)","decl":{"start":{"line":25,"column":21},"end":{"line":25,"column":22}},"loc":{"start":{"line":25,"column":42},"end":{"line":27,"column":3}},"line":25},"6":{"name":"(anonymous_6)","decl":{"start":{"line":30,"column":19},"end":{"line":30,"column":20}},"loc":{"start":{"line":30,"column":40},"end":{"line":38,"column":1}},"line":30},"7":{"name":"(anonymous_7)","decl":{"start":{"line":30,"column":40},"end":{"line":30,"column":41}},"loc":{"start":{"line":30,"column":61},"end":{"line":38,"column":1}},"line":30},"8":{"name":"(anonymous_8)","decl":{"start":{"line":40,"column":15},"end":{"line":40,"column":16}},"loc":{"start":{"line":40,"column":57},"end":{"line":48,"column":1}},"line":40},"9":{"name":"(anonymous_9)","decl":{"start":{"line":40,"column":57},"end":{"line":40,"column":58}},"loc":{"start":{"line":40,"column":63},"end":{"line":48,"column":1}},"line":40},"10":{"name":"(anonymous_10)","decl":{"start":{"line":50,"column":16},"end":{"line":50,"column":17}},"loc":{"start":{"line":50,"column":41},"end":{"line":59,"column":1}},"line":50},"11":{"name":"(anonymous_11)","decl":{"start":{"line":50,"column":41},"end":{"line":50,"column":42}},"loc":{"start":{"line":50,"column":51},"end":{"line":59,"column":1}},"line":50},"12":{"name":"(anonymous_12)","decl":{"start":{"line":61,"column":14},"end":{"line":61,"column":15}},"loc":{"start":{"line":61,"column":24},"end":{"line":63,"column":1}},"line":61},"13":{"name":"(anonymous_13)","decl":{"start":{"line":61,"column":24},"end":{"line":61,"column":25}},"loc":{"start":{"line":61,"column":30},"end":{"line":63,"column":1}},"line":61}},"branchMap":{"0":{"loc":{"start":{"line":14,"column":6},"end":{"line":18,"column":7}},"type":"if","locations":[{"start":{"line":14,"column":6},"end":{"line":18,"column":7}},{"start":{"line":14,"column":6},"end":{"line":18,"column":7}}],"line":14},"1":{"loc":{"start":{"line":51,"column":2},"end":{"line":53,"column":3}},"type":"if","locations":[{"start":{"line":51,"column":2},"end":{"line":53,"column":3}},{"start":{"line":51,"column":2},"end":{"line":53,"column":3}}],"line":51},"2":{"loc":{"start":{"line":56,"column":2},"end":{"line":58,"column":3}},"type":"if","locations":[{"start":{"line":56,"column":2},"end":{"line":58,"column":3}},{"start":{"line":56,"column":2},"end":{"line":58,"column":3}}],"line":56}},"s":{"0":2,"1":2,"2":2,"3":2,"4":0,"5":2,"6":0,"7":0,"8":0,"9":0,"10":2,"11":0,"12":0,"13":2,"14":0,"15":0,"16":0,"17":0,"18":0,"19":0,"20":2,"21":0,"22":0,"23":0,"24":2,"25":0,"26":0,"27":0,"28":0,"29":0,"30":0,"31":2,"32":0,"33":0},"f":{"0":2,"1":0,"2":0,"3":0,"4":0,"5":0,"6":0,"7":0,"8":0,"9":0,"10":0,"11":0,"12":0,"13":0},"b":{"0":[0,0],"1":[0,0],"2":[0,0]},"_coverageSchema":"43e27e138ebf9cfc5966b082cf9a028302ed4184","hash":"5ecbc2e7600528d638ff2ee6ac08d36a27339a8d"}
,"/Users/johnhodgson/Repos/json-karaoke-machine/src/includes/metronome/index.js": {"path":"/Users/johnhodgson/Repos/json-karaoke-machine/src/includes/metronome/index.js","statementMap":{"0":{"start":{"line":1,"column":25},"end":{"line":16,"column":4}},"1":{"start":{"line":4,"column":25},"end":{"line":6,"column":3}},"2":{"start":{"line":5,"column":4},"end":{"line":5,"column":45}},"3":{"start":{"line":8,"column":2},"end":{"line":15,"column":4}},"4":{"start":{"line":10,"column":6},"end":{"line":12,"column":7}},"5":{"start":{"line":11,"column":8},"end":{"line":11,"column":36}},"6":{"start":{"line":13,"column":6},"end":{"line":13,"column":22}}},"fnMap":{"0":{"name":"(anonymous_0)","decl":{"start":{"line":1,"column":26},"end":{"line":1,"column":27}},"loc":{"start":{"line":1,"column":32},"end":{"line":16,"column":1}},"line":1},"1":{"name":"(anonymous_1)","decl":{"start":{"line":4,"column":25},"end":{"line":4,"column":26}},"loc":{"start":{"line":4,"column":31},"end":{"line":6,"column":3}},"line":4},"2":{"name":"(anonymous_2)","decl":{"start":{"line":9,"column":17},"end":{"line":9,"column":18}},"loc":{"start":{"line":9,"column":23},"end":{"line":14,"column":5}},"line":9}},"branchMap":{"0":{"loc":{"start":{"line":10,"column":6},"end":{"line":12,"column":7}},"type":"if","locations":[{"start":{"line":10,"column":6},"end":{"line":12,"column":7}},{"start":{"line":10,"column":6},"end":{"line":12,"column":7}}],"line":10}},"s":{"0":2,"1":2,"2":0,"3":2,"4":0,"5":0,"6":0},"f":{"0":2,"1":0,"2":0},"b":{"0":[0,0]},"_coverageSchema":"43e27e138ebf9cfc5966b082cf9a028302ed4184","hash":"5d54f630054a82cedd7aa30fd9fb48d009204e36"}
,"/Users/johnhodgson/Repos/json-karaoke-machine/src/reducers/index.js": {"path":"/Users/johnhodgson/Repos/json-karaoke-machine/src/reducers/index.js","statementMap":{},"fnMap":{},"branchMap":{},"s":{},"f":{},"b":{},"_coverageSchema":"43e27e138ebf9cfc5966b082cf9a028302ed4184","hash":"506a521dbafef335b4d03cf224b7838c0f4f6837"}
,"/Users/johnhodgson/Repos/json-karaoke-machine/src/reducers/settings.js": {"path":"/Users/johnhodgson/Repos/json-karaoke-machine/src/reducers/settings.js","statementMap":{"0":{"start":{"line":1,"column":17},"end":{"line":30,"column":1}},"1":{"start":{"line":5,"column":2},"end":{"line":29,"column":3}},"2":{"start":{"line":7,"column":6},"end":{"line":7,"column":63}},"3":{"start":{"line":10,"column":6},"end":{"line":10,"column":68}},"4":{"start":{"line":13,"column":6},"end":{"line":13,"column":67}},"5":{"start":{"line":16,"column":6},"end":{"line":16,"column":69}},"6":{"start":{"line":19,"column":6},"end":{"line":19,"column":71}},"7":{"start":{"line":22,"column":6},"end":{"line":22,"column":70}},"8":{"start":{"line":25,"column":6},"end":{"line":25,"column":66}},"9":{"start":{"line":28,"column":6},"end":{"line":28,"column":19}}},"fnMap":{"0":{"name":"(anonymous_0)","decl":{"start":{"line":1,"column":17},"end":{"line":1,"column":18}},"loc":{"start":{"line":4,"column":5},"end":{"line":30,"column":1}},"line":4}},"branchMap":{"0":{"loc":{"start":{"line":2,"column":2},"end":{"line":2,"column":74}},"type":"default-arg","locations":[{"start":{"line":2,"column":10},"end":{"line":2,"column":74}}],"line":2},"1":{"loc":{"start":{"line":5,"column":2},"end":{"line":29,"column":3}},"type":"switch","locations":[{"start":{"line":6,"column":4},"end":{"line":7,"column":63}},{"start":{"line":9,"column":4},"end":{"line":10,"column":68}},{"start":{"line":12,"column":4},"end":{"line":13,"column":67}},{"start":{"line":15,"column":4},"end":{"line":16,"column":69}},{"start":{"line":18,"column":4},"end":{"line":19,"column":71}},{"start":{"line":21,"column":4},"end":{"line":22,"column":70}},{"start":{"line":24,"column":4},"end":{"line":25,"column":66}},{"start":{"line":27,"column":4},"end":{"line":28,"column":19}}],"line":5}},"s":{"0":2,"1":6,"2":0,"3":0,"4":0,"5":0,"6":0,"7":0,"8":0,"9":6},"f":{"0":6},"b":{"0":[6],"1":[0,0,0,0,0,0,0,6]},"_coverageSchema":"43e27e138ebf9cfc5966b082cf9a028302ed4184","hash":"018bf927427f3914982095a5ce1611870b5d8e6e"}
,"/Users/johnhodgson/Repos/json-karaoke-machine/src/songs/VanHalenJump/bass.js": {"path":"/Users/johnhodgson/Repos/json-karaoke-machine/src/songs/VanHalenJump/bass.js","statementMap":{},"fnMap":{},"branchMap":{},"s":{},"f":{},"b":{},"_coverageSchema":"43e27e138ebf9cfc5966b082cf9a028302ed4184","hash":"e39f61e803ccb1362c98ddbecb6cfe57e25c721e"}
,"/Users/johnhodgson/Repos/json-karaoke-machine/src/songs/VanHalenJump/drums.js": {"path":"/Users/johnhodgson/Repos/json-karaoke-machine/src/songs/VanHalenJump/drums.js","statementMap":{},"fnMap":{},"branchMap":{},"s":{},"f":{},"b":{},"_coverageSchema":"43e27e138ebf9cfc5966b082cf9a028302ed4184","hash":"d4e372f5b29297a75bc1d98211abea4332b790ee"}
,"/Users/johnhodgson/Repos/json-karaoke-machine/src/songs/VanHalenJump/index.js": {"path":"/Users/johnhodgson/Repos/json-karaoke-machine/src/songs/VanHalenJump/index.js","statementMap":{"0":{"start":{"line":6,"column":13},"end":{"line":11,"column":1}}},"fnMap":{},"branchMap":{},"s":{"0":7},"f":{},"b":{},"_coverageSchema":"43e27e138ebf9cfc5966b082cf9a028302ed4184","hash":"6dec480cff55aa82f06d6b38baaa6bfdd29871ec"}
,"/Users/johnhodgson/Repos/json-karaoke-machine/src/songs/VanHalenJump/lyrics.js": {"path":"/Users/johnhodgson/Repos/json-karaoke-machine/src/songs/VanHalenJump/lyrics.js","statementMap":{},"fnMap":{},"branchMap":{},"s":{},"f":{},"b":{},"_coverageSchema":"43e27e138ebf9cfc5966b082cf9a028302ed4184","hash":"bd45b098c4c62cadd72567110b34e1be6627be3d"}
,"/Users/johnhodgson/Repos/json-karaoke-machine/src/songs/VanHalenJump/polySynth.js": {"path":"/Users/johnhodgson/Repos/json-karaoke-machine/src/songs/VanHalenJump/polySynth.js","statementMap":{},"fnMap":{},"branchMap":{},"s":{},"f":{},"b":{},"_coverageSchema":"43e27e138ebf9cfc5966b082cf9a028302ed4184","hash":"b3fcf37366b3a06fe73b8effbb57fddaf789ad5b"}
}
