TN:
SF:/Users/johnhodgson/Repos/json-karaoke-machine/assetsTransformer.js
FN:4,(anonymous_0)
FNF:1
FNH:1
FNDA:1,(anonymous_0)
DA:1,11
DA:3,11
DA:5,1
LF:3
LH:3
BRF:0
BRH:0
end_of_record
TN:
SF:/Users/johnhodgson/Repos/json-karaoke-machine/src/store.js
FNF:0
FNH:0
DA:4,2
LF:1
LH:1
BRDA:6,0,0,2
BRDA:6,0,1,0
BRF:2
BRH:1
end_of_record
TN:
SF:/Users/johnhodgson/Repos/json-karaoke-machine/src/actions/index.js
FN:1,(anonymous_0)
FN:6,(anonymous_1)
FN:11,(anonymous_2)
FN:16,(anonymous_3)
FN:21,(anonymous_4)
FN:26,(anonymous_5)
FN:31,(anonymous_6)
FNF:7
FNH:7
FNDA:3,(anonymous_0)
FNDA:1,(anonymous_1)
FNDA:1,(anonymous_2)
FNDA:1,(anonymous_3)
FNDA:1,(anonymous_4)
FNDA:1,(anonymous_5)
FNDA:1,(anonymous_6)
DA:1,5
DA:6,5
DA:11,5
DA:16,5
DA:21,5
DA:26,5
DA:31,5
LF:7
LH:7
BRF:0
BRH:0
end_of_record
TN:
SF:/Users/johnhodgson/Repos/json-karaoke-machine/src/components/About.js
FN:6,(anonymous_0)
FN:7,(anonymous_1)
FNF:2
FNH:2
FNDA:2,(anonymous_0)
FNDA:1,(anonymous_1)
DA:6,2
DA:7,2
DA:8,1
DA:11,2
LF:4
LH:4
BRF:0
BRH:0
end_of_record
TN:
SF:/Users/johnhodgson/Repos/json-karaoke-machine/src/components/Bass.js
FN:4,(anonymous_0)
FNF:1
FNH:1
FNDA:3,(anonymous_0)
DA:4,3
DA:5,3
LF:2
LH:2
BRF:0
BRH:0
end_of_record
TN:
SF:/Users/johnhodgson/Repos/json-karaoke-machine/src/components/Drums.js
FN:4,(anonymous_0)
FNF:1
FNH:1
FNDA:3,(anonymous_0)
DA:4,3
DA:5,3
LF:2
LH:2
BRF:0
BRH:0
end_of_record
TN:
SF:/Users/johnhodgson/Repos/json-karaoke-machine/src/components/Footer.js
FN:3,(anonymous_0)
FNF:1
FNH:1
FNDA:5,(anonymous_0)
DA:3,5
DA:4,5
LF:2
LH:2
BRF:0
BRH:0
end_of_record
TN:
SF:/Users/johnhodgson/Repos/json-karaoke-machine/src/components/Header.js
FN:4,(anonymous_0)
FNF:1
FNH:1
FNDA:5,(anonymous_0)
DA:4,5
DA:5,5
LF:2
LH:2
BRDA:17,0,0,5
BRDA:17,0,1,3
BRDA:26,1,0,2
BRDA:26,1,1,1
BRF:4
BRH:4
end_of_record
TN:
SF:/Users/johnhodgson/Repos/json-karaoke-machine/src/components/Home.js
FN:13,(anonymous_0)
FN:20,(anonymous_1)
FNF:2
FNH:2
FNDA:2,(anonymous_0)
FNDA:1,(anonymous_1)
DA:13,2
DA:20,2
DA:21,1
DA:24,2
LF:4
LH:4
BRDA:42,0,0,2
BRDA:42,0,1,2
BRF:2
BRH:2
end_of_record
TN:
SF:/Users/johnhodgson/Repos/json-karaoke-machine/src/components/JSONFormatter.js
FN:3,(anonymous_0)
FN:39,(anonymous_1)
FNF:2
FNH:2
FNDA:10,(anonymous_0)
FNDA:10,(anonymous_1)
DA:3,6
DA:4,10
DA:7,10
DA:8,3
DA:9,18
DA:13,1
DA:17,10
DA:18,10
DA:19,27
DA:22,10
DA:24,8
DA:35,8
DA:39,6
DA:40,10
LF:14
LH:14
BRDA:7,0,0,3
BRDA:7,0,1,7
BRDA:7,1,0,10
BRDA:7,1,1,3
BRDA:9,2,0,1
BRDA:9,2,1,17
BRDA:10,3,0,18
BRDA:10,3,1,3
BRDA:22,4,0,2
BRDA:22,4,1,8
BRDA:22,5,0,10
BRDA:22,5,1,10
BRF:12
BRH:12
end_of_record
TN:
SF:/Users/johnhodgson/Repos/json-karaoke-machine/src/components/Lyrics.js
FN:6,(anonymous_0)
FN:8,(anonymous_1)
FN:14,(anonymous_2)
FN:16,(anonymous_3)
FN:46,(anonymous_4)
FNF:5
FNH:5
FNDA:6,(anonymous_0)
FNDA:408,(anonymous_1)
FNDA:5958,(anonymous_2)
FNDA:11,(anonymous_3)
FNDA:6,(anonymous_4)
DA:3,3
DA:4,3
DA:6,3
DA:7,6
DA:8,408
DA:10,6
DA:11,6
DA:13,6
DA:14,5958
DA:16,11
DA:18,6
DA:24,2
DA:26,6
DA:27,2
DA:28,1
DA:31,2
DA:34,1
DA:36,1
DA:43,6
DA:46,3
DA:47,6
LF:21
LH:21
BRDA:8,0,0,408
BRDA:8,0,1,154
BRDA:8,0,2,12
BRDA:10,1,0,1
BRDA:10,1,1,5
BRDA:11,2,0,1
BRDA:11,2,1,5
BRDA:14,3,0,5958
BRDA:14,3,1,5878
BRDA:14,3,2,323
BRDA:14,3,3,14
BRDA:18,4,0,2
BRDA:18,4,1,4
BRDA:26,5,0,2
BRDA:26,5,1,4
BRDA:26,6,0,6
BRDA:26,6,1,6
BRDA:27,7,0,1
BRDA:27,7,1,1
BRDA:31,8,0,1
BRDA:31,8,1,1
BRF:21
BRH:21
end_of_record
TN:
SF:/Users/johnhodgson/Repos/json-karaoke-machine/src/components/PolySynth.js
FN:4,(anonymous_0)
FNF:1
FNH:1
FNDA:3,(anonymous_0)
DA:4,3
DA:5,3
LF:2
LH:2
BRF:0
BRH:0
end_of_record
TN:
SF:/Users/johnhodgson/Repos/json-karaoke-machine/src/components/SongChooser.js
FN:3,(anonymous_0)
FNF:1
FNH:1
FNDA:3,(anonymous_0)
DA:3,3
DA:4,3
LF:2
LH:2
BRDA:21,0,0,2
BRDA:21,0,1,1
BRF:2
BRH:2
end_of_record
TN:
SF:/Users/johnhodgson/Repos/json-karaoke-machine/src/containers/About.js
FN:14,(anonymous_0)
FN:18,(anonymous_1)
FNF:2
FNH:2
FNDA:1,(anonymous_0)
FNDA:1,(anonymous_1)
DA:14,1
DA:15,1
DA:18,1
LF:3
LH:3
BRF:0
BRH:0
end_of_record
TN:
SF:/Users/johnhodgson/Repos/json-karaoke-machine/src/containers/Home.js
FN:9,(anonymous_0)
FN:13,(anonymous_1)
FN:21,(anonymous_2)
FN:22,(anonymous_3)
FNF:4
FNH:4
FNDA:1,(anonymous_0)
FNDA:1,(anonymous_1)
FNDA:2,(anonymous_2)
FNDA:2,(anonymous_3)
DA:9,1
DA:10,1
DA:13,1
DA:21,2
DA:23,2
LF:5
LH:5
BRF:0
BRH:0
end_of_record
TN:
SF:/Users/johnhodgson/Repos/json-karaoke-machine/src/data/note-frequencies.js
FNF:0
FNH:0
DA:1,9
LF:1
LH:1
BRF:0
BRH:0
end_of_record
TN:
SF:/Users/johnhodgson/Repos/json-karaoke-machine/src/data/samples.js
FNF:0
FNH:0
DA:1,5
DA:2,5
DA:5,5
DA:6,5
DA:7,5
LF:5
LH:5
BRF:0
BRH:0
end_of_record
TN:
SF:/Users/johnhodgson/Repos/json-karaoke-machine/src/data/sound-types.js
FNF:0
FNH:0
DA:1,10
LF:1
LH:1
BRF:0
BRH:0
end_of_record
TN:
SF:/Users/johnhodgson/Repos/json-karaoke-machine/src/includes/audio-context.js
FN:1,(anonymous_0)
FN:4,(anonymous_1)
FN:10,(anonymous_2)
FN:16,(anonymous_3)
FNF:4
FNH:4
FNDA:6,(anonymous_0)
FNDA:3,(anonymous_1)
FNDA:4,(anonymous_2)
FNDA:3,(anonymous_3)
DA:1,6
DA:4,6
DA:5,3
DA:6,3
DA:9,6
DA:11,4
DA:12,3
DA:14,4
DA:17,3
LF:9
LH:9
BRDA:5,0,0,3
BRDA:5,0,1,1
BRDA:11,1,0,3
BRDA:11,1,1,1
BRF:4
BRH:4
end_of_record
TN:
SF:/Users/johnhodgson/Repos/json-karaoke-machine/src/includes/error-handler.js
FN:3,(anonymous_0)
FNF:1
FNH:1
FNDA:1,(anonymous_0)
DA:3,5
DA:4,1
LF:2
LH:2
BRF:0
BRH:0
end_of_record
TN:
SF:/Users/johnhodgson/Repos/json-karaoke-machine/src/includes/music-machine.js
FN:20,(anonymous_0)
FN:23,(anonymous_1)
FN:40,(anonymous_2)
FN:47,(anonymous_3)
FN:54,(anonymous_4)
FN:54,(anonymous_5)
FN:66,(anonymous_6)
FN:76,(anonymous_7)
FN:80,(anonymous_8)
FN:85,(anonymous_9)
FN:85,(anonymous_10)
FN:99,(anonymous_11)
FN:106,(anonymous_12)
FN:106,(anonymous_13)
FN:115,(anonymous_14)
FN:115,(anonymous_15)
FN:130,(anonymous_16)
FN:136,(anonymous_17)
FN:142,(anonymous_18)
FN:146,(anonymous_19)
FN:150,(anonymous_20)
FN:158,(anonymous_21)
FN:181,(anonymous_22)
FNF:23
FNH:6
FNDA:3,(anonymous_0)
FNDA:0,(anonymous_1)
FNDA:3,(anonymous_2)
FNDA:2,(anonymous_3)
FNDA:3,(anonymous_4)
FNDA:1,(anonymous_5)
FNDA:0,(anonymous_6)
FNDA:0,(anonymous_7)
FNDA:0,(anonymous_8)
FNDA:4,(anonymous_9)
FNDA:0,(anonymous_10)
FNDA:0,(anonymous_11)
FNDA:0,(anonymous_12)
FNDA:0,(anonymous_13)
FNDA:0,(anonymous_14)
FNDA:0,(anonymous_15)
FNDA:0,(anonymous_16)
FNDA:0,(anonymous_17)
FNDA:0,(anonymous_18)
FNDA:0,(anonymous_19)
FNDA:0,(anonymous_20)
FNDA:0,(anonymous_21)
FNDA:0,(anonymous_22)
DA:20,4
DA:23,4
DA:24,0
DA:25,0
DA:27,0
DA:29,0
DA:31,0
DA:32,0
DA:33,0
DA:36,0
DA:37,0
DA:40,4
DA:47,4
DA:48,2
DA:50,2
DA:51,2
DA:54,4
DA:55,1
DA:56,1
DA:66,4
DA:67,0
DA:69,0
DA:70,0
DA:71,0
DA:72,0
DA:76,4
DA:77,0
DA:80,4
DA:81,0
DA:85,4
DA:86,0
DA:87,0
DA:89,0
DA:90,0
DA:91,0
DA:92,0
DA:94,0
DA:99,4
DA:100,0
DA:101,0
DA:102,0
DA:106,4
DA:107,0
DA:108,0
DA:109,0
DA:110,0
DA:115,4
DA:116,0
DA:117,0
DA:119,0
DA:120,0
DA:121,0
DA:122,0
DA:124,0
DA:125,0
DA:126,0
DA:130,4
DA:131,0
DA:136,4
DA:137,0
DA:142,4
DA:143,0
DA:146,4
DA:147,0
DA:150,4
DA:151,0
DA:158,4
DA:159,0
DA:177,0
DA:181,4
DA:182,0
DA:184,0
DA:185,0
DA:186,0
DA:187,0
DA:189,0
LF:76
LH:24
BRDA:27,0,0,0
BRDA:27,0,1,0
BRDA:31,1,0,0
BRDA:31,1,1,0
BRDA:31,2,0,0
BRDA:31,2,1,0
BRDA:31,2,2,0
BRDA:31,2,3,0
BRDA:31,2,4,0
BRDA:55,3,0,1
BRDA:55,3,1,0
BRDA:69,4,0,0
BRDA:69,4,1,0
BRDA:89,5,0,0
BRDA:89,5,1,0
BRDA:131,6,0,0
BRDA:131,6,1,0
BRDA:182,7,0,0
BRDA:182,7,1,0
BRF:19
BRH:1
end_of_record
TN:
SF:/Users/johnhodgson/Repos/json-karaoke-machine/src/includes/samples-buffer.js
FN:4,(anonymous_0)
FN:7,(anonymous_1)
FN:10,(anonymous_2)
FN:19,(anonymous_3)
FN:21,(anonymous_4)
FN:28,(anonymous_5)
FN:29,(anonymous_6)
FN:38,(anonymous_7)
FN:38,(anonymous_8)
FN:47,(anonymous_9)
FN:47,(anonymous_10)
FN:52,(anonymous_11)
FN:52,(anonymous_12)
FNF:13
FNH:13
FNDA:5,(anonymous_0)
FNDA:1,(anonymous_1)
FNDA:3,(anonymous_2)
FNDA:2,(anonymous_3)
FNDA:4,(anonymous_4)
FNDA:4,(anonymous_5)
FNDA:4,(anonymous_6)
FNDA:4,(anonymous_7)
FNDA:3,(anonymous_8)
FNDA:4,(anonymous_9)
FNDA:2,(anonymous_10)
FNDA:3,(anonymous_11)
FNDA:1,(anonymous_12)
DA:4,5
DA:7,5
DA:9,5
DA:11,3
DA:12,1
DA:14,3
DA:19,5
DA:20,2
DA:21,4
DA:28,5
DA:29,4
DA:30,4
DA:31,4
DA:32,4
DA:33,4
DA:34,4
DA:38,5
DA:39,3
DA:40,3
DA:47,5
DA:48,2
DA:49,1
DA:52,5
DA:53,1
LF:24
LH:24
BRDA:11,0,0,1
BRDA:11,0,1,2
BRDA:48,1,0,1
BRDA:48,1,1,1
BRF:4
BRH:4
end_of_record
TN:
SF:/Users/johnhodgson/Repos/json-karaoke-machine/src/includes/metronome/index.js
FN:1,(anonymous_0)
FN:4,(anonymous_1)
FN:9,(anonymous_2)
FNF:3
FNH:3
FNDA:5,(anonymous_0)
FNDA:1,(anonymous_1)
FNDA:3,(anonymous_2)
DA:1,5
DA:4,5
DA:5,1
DA:8,5
DA:10,3
DA:11,1
DA:13,3
LF:7
LH:7
BRDA:10,0,0,1
BRDA:10,0,1,2
BRF:2
BRH:2
end_of_record
TN:
SF:/Users/johnhodgson/Repos/json-karaoke-machine/src/reducers/index.js
FNF:0
FNH:0
LF:0
LH:0
BRF:0
BRH:0
end_of_record
TN:
SF:/Users/johnhodgson/Repos/json-karaoke-machine/src/reducers/settings.js
FN:1,(anonymous_0)
FNF:1
FNH:1
FNDA:13,(anonymous_0)
DA:1,3
DA:5,13
DA:7,1
DA:10,1
DA:13,1
DA:16,1
DA:19,1
DA:22,1
DA:25,1
DA:28,6
LF:10
LH:10
BRDA:2,0,0,6
BRDA:5,1,0,1
BRDA:5,1,1,1
BRDA:5,1,2,1
BRDA:5,1,3,1
BRDA:5,1,4,1
BRDA:5,1,5,1
BRDA:5,1,6,1
BRDA:5,1,7,6
BRF:9
BRH:9
end_of_record
TN:
SF:/Users/johnhodgson/Repos/json-karaoke-machine/src/songs/VanHalenJump/bass.js
FNF:0
FNH:0
LF:0
LH:0
BRF:0
BRH:0
end_of_record
TN:
SF:/Users/johnhodgson/Repos/json-karaoke-machine/src/songs/VanHalenJump/drums.js
FNF:0
FNH:0
LF:0
LH:0
BRF:0
BRH:0
end_of_record
TN:
SF:/Users/johnhodgson/Repos/json-karaoke-machine/src/songs/VanHalenJump/index.js
FNF:0
FNH:0
DA:6,8
LF:1
LH:1
BRF:0
BRH:0
end_of_record
TN:
SF:/Users/johnhodgson/Repos/json-karaoke-machine/src/songs/VanHalenJump/lyrics.js
FNF:0
FNH:0
LF:0
LH:0
BRF:0
BRH:0
end_of_record
TN:
SF:/Users/johnhodgson/Repos/json-karaoke-machine/src/songs/VanHalenJump/polySynth.js
FNF:0
FNH:0
LF:0
LH:0
BRF:0
BRH:0
end_of_record
