TN:
SF:/Users/johnhodgson/Repos/json-karaoke-machine/assetsTransformer.js
FN:4,(anonymous_0)
FNF:1
FNH:0
FNDA:0,(anonymous_0)
DA:1,7
DA:3,7
DA:5,0
LF:3
LH:2
BRF:0
BRH:0
end_of_record
TN:
SF:/Users/johnhodgson/Repos/json-karaoke-machine/src/store.js
FNF:0
FNH:0
DA:4,2
LF:1
LH:1
BRDA:6,0,0,2
BRDA:6,0,1,0
BRF:2
BRH:1
end_of_record
TN:
SF:/Users/johnhodgson/Repos/json-karaoke-machine/src/actions/index.js
FN:1,(anonymous_0)
FN:6,(anonymous_1)
FN:11,(anonymous_2)
FN:16,(anonymous_3)
FN:21,(anonymous_4)
FN:26,(anonymous_5)
FN:31,(anonymous_6)
FNF:7
FNH:1
FNDA:2,(anonymous_0)
FNDA:0,(anonymous_1)
FNDA:0,(anonymous_2)
FNDA:0,(anonymous_3)
FNDA:0,(anonymous_4)
FNDA:0,(anonymous_5)
FNDA:0,(anonymous_6)
DA:1,2
DA:6,2
DA:11,2
DA:16,2
DA:21,2
DA:26,2
DA:31,2
LF:7
LH:7
BRF:0
BRH:0
end_of_record
TN:
SF:/Users/johnhodgson/Repos/json-karaoke-machine/src/components/About.js
FN:6,(anonymous_0)
FN:13,(anonymous_1)
FNF:2
FNH:2
FNDA:2,(anonymous_0)
FNDA:1,(anonymous_1)
DA:6,1
DA:13,2
DA:14,1
DA:17,2
LF:4
LH:4
BRF:0
BRH:0
end_of_record
TN:
SF:/Users/johnhodgson/Repos/json-karaoke-machine/src/components/Bass.js
FN:4,(anonymous_0)
FNF:1
FNH:1
FNDA:3,(anonymous_0)
DA:4,3
DA:5,3
LF:2
LH:2
BRF:0
BRH:0
end_of_record
TN:
SF:/Users/johnhodgson/Repos/json-karaoke-machine/src/components/Drums.js
FN:4,(anonymous_0)
FNF:1
FNH:1
FNDA:3,(anonymous_0)
DA:4,3
DA:5,3
LF:2
LH:2
BRF:0
BRH:0
end_of_record
TN:
SF:/Users/johnhodgson/Repos/json-karaoke-machine/src/components/Footer.js
FN:3,(anonymous_0)
FNF:1
FNH:1
FNDA:5,(anonymous_0)
DA:3,4
DA:4,5
LF:2
LH:2
BRF:0
BRH:0
end_of_record
TN:
SF:/Users/johnhodgson/Repos/json-karaoke-machine/src/components/Header.js
FN:4,(anonymous_0)
FNF:1
FNH:1
FNDA:5,(anonymous_0)
DA:4,4
DA:5,5
LF:2
LH:2
BRDA:17,0,0,5
BRDA:17,0,1,3
BRDA:26,1,0,2
BRDA:26,1,1,1
BRF:4
BRH:4
end_of_record
TN:
SF:/Users/johnhodgson/Repos/json-karaoke-machine/src/components/Home.js
FN:13,(anonymous_0)
FN:20,(anonymous_1)
FNF:2
FNH:2
FNDA:2,(anonymous_0)
FNDA:1,(anonymous_1)
DA:13,2
DA:20,2
DA:21,1
DA:24,2
LF:4
LH:4
BRDA:42,0,0,2
BRDA:42,0,1,2
BRF:2
BRH:2
end_of_record
TN:
SF:/Users/johnhodgson/Repos/json-karaoke-machine/src/components/JSONFormatter.js
FN:3,(anonymous_0)
FN:39,(anonymous_1)
FNF:2
FNH:2
FNDA:10,(anonymous_0)
FNDA:10,(anonymous_1)
DA:3,6
DA:4,10
DA:7,10
DA:8,3
DA:9,18
DA:13,1
DA:17,10
DA:18,10
DA:19,27
DA:22,10
DA:24,8
DA:35,8
DA:39,6
DA:40,10
LF:14
LH:14
BRDA:7,0,0,3
BRDA:7,0,1,7
BRDA:7,1,0,10
BRDA:7,1,1,3
BRDA:9,2,0,1
BRDA:9,2,1,17
BRDA:10,3,0,18
BRDA:10,3,1,3
BRDA:22,4,0,2
BRDA:22,4,1,8
BRDA:22,5,0,10
BRDA:22,5,1,10
BRF:12
BRH:12
end_of_record
TN:
SF:/Users/johnhodgson/Repos/json-karaoke-machine/src/components/Lyrics.js
FN:6,(anonymous_0)
FN:8,(anonymous_1)
FN:14,(anonymous_2)
FN:16,(anonymous_3)
FN:46,(anonymous_4)
FNF:5
FNH:5
FNDA:6,(anonymous_0)
FNDA:408,(anonymous_1)
FNDA:5958,(anonymous_2)
FNDA:11,(anonymous_3)
FNDA:6,(anonymous_4)
DA:3,3
DA:4,3
DA:6,3
DA:7,6
DA:8,408
DA:10,6
DA:11,6
DA:13,6
DA:14,5958
DA:16,11
DA:18,6
DA:24,2
DA:26,6
DA:27,2
DA:28,1
DA:31,2
DA:34,1
DA:36,1
DA:43,6
DA:46,3
DA:47,6
LF:21
LH:21
BRDA:8,0,0,408
BRDA:8,0,1,154
BRDA:8,0,2,12
BRDA:10,1,0,1
BRDA:10,1,1,5
BRDA:11,2,0,1
BRDA:11,2,1,5
BRDA:14,3,0,5958
BRDA:14,3,1,5878
BRDA:14,3,2,323
BRDA:14,3,3,14
BRDA:18,4,0,2
BRDA:18,4,1,4
BRDA:26,5,0,2
BRDA:26,5,1,4
BRDA:26,6,0,6
BRDA:26,6,1,6
BRDA:27,7,0,1
BRDA:27,7,1,1
BRDA:31,8,0,1
BRDA:31,8,1,1
BRF:21
BRH:21
end_of_record
TN:
SF:/Users/johnhodgson/Repos/json-karaoke-machine/src/components/PolySynth.js
FN:4,(anonymous_0)
FNF:1
FNH:1
FNDA:3,(anonymous_0)
DA:4,3
DA:5,3
LF:2
LH:2
BRF:0
BRH:0
end_of_record
TN:
SF:/Users/johnhodgson/Repos/json-karaoke-machine/src/components/SongChooser.js
FN:3,(anonymous_0)
FNF:1
FNH:1
FNDA:3,(anonymous_0)
DA:3,3
DA:4,3
LF:2
LH:2
BRDA:21,0,0,2
BRDA:21,0,1,1
BRF:2
BRH:2
end_of_record
TN:
SF:/Users/johnhodgson/Repos/json-karaoke-machine/src/containers/Home.js
FN:8,(anonymous_0)
FN:12,(anonymous_1)
FN:20,(anonymous_2)
FN:21,(anonymous_3)
FNF:4
FNH:3
FNDA:0,(anonymous_0)
FNDA:1,(anonymous_1)
FNDA:2,(anonymous_2)
FNDA:2,(anonymous_3)
DA:8,1
DA:9,0
DA:12,1
DA:20,2
DA:22,2
LF:5
LH:4
BRF:0
BRH:0
end_of_record
TN:
SF:/Users/johnhodgson/Repos/json-karaoke-machine/src/data/note-frequencies.js
FNF:0
FNH:0
DA:1,7
LF:1
LH:1
BRF:0
BRH:0
end_of_record
TN:
SF:/Users/johnhodgson/Repos/json-karaoke-machine/src/data/samples.js
FNF:0
FNH:0
DA:1,2
DA:2,2
DA:4,2
LF:3
LH:3
BRF:0
BRH:0
end_of_record
TN:
SF:/Users/johnhodgson/Repos/json-karaoke-machine/src/data/sound-types.js
FNF:0
FNH:0
DA:1,7
LF:1
LH:1
BRF:0
BRH:0
end_of_record
TN:
SF:/Users/johnhodgson/Repos/json-karaoke-machine/src/includes/audio-context.js
FN:1,(anonymous_0)
FN:4,(anonymous_1)
FN:10,(anonymous_2)
FNF:3
FNH:1
FNDA:2,(anonymous_0)
FNDA:0,(anonymous_1)
FNDA:0,(anonymous_2)
DA:1,2
DA:4,2
DA:5,0
DA:6,0
DA:9,2
DA:11,0
DA:12,0
DA:14,0
LF:8
LH:3
BRDA:5,0,0,0
BRDA:5,0,1,0
BRDA:11,1,0,0
BRDA:11,1,1,0
BRF:4
BRH:0
end_of_record
TN:
SF:/Users/johnhodgson/Repos/json-karaoke-machine/src/includes/error-handler.js
FN:3,(anonymous_0)
FNF:1
FNH:0
FNDA:0,(anonymous_0)
DA:3,2
DA:4,0
LF:2
LH:1
BRF:0
BRH:0
end_of_record
TN:
SF:/Users/johnhodgson/Repos/json-karaoke-machine/src/includes/music-machine.js
FN:16,(anonymous_0)
FN:33,(anonymous_1)
FN:38,(anonymous_2)
FN:41,(anonymous_3)
FN:52,(anonymous_4)
FN:64,(anonymous_5)
FN:72,(anonymous_6)
FN:77,(anonymous_7)
FN:96,(anonymous_8)
FN:119,(anonymous_9)
FN:123,(anonymous_10)
FN:130,(anonymous_11)
FN:141,(anonymous_12)
FN:144,(anonymous_13)
FN:162,(anonymous_14)
FN:171,(anonymous_15)
FN:179,(anonymous_16)
FN:187,(anonymous_17)
FN:196,(anonymous_18)
FN:209,(anonymous_19)
FN:215,(anonymous_20)
FN:219,(anonymous_21)
FN:230,(anonymous_22)
FN:237,(anonymous_23)
FNF:24
FNH:0
FNDA:0,(anonymous_0)
FNDA:0,(anonymous_1)
FNDA:0,(anonymous_2)
FNDA:0,(anonymous_3)
FNDA:0,(anonymous_4)
FNDA:0,(anonymous_5)
FNDA:0,(anonymous_6)
FNDA:0,(anonymous_7)
FNDA:0,(anonymous_8)
FNDA:0,(anonymous_9)
FNDA:0,(anonymous_10)
FNDA:0,(anonymous_11)
FNDA:0,(anonymous_12)
FNDA:0,(anonymous_13)
FNDA:0,(anonymous_14)
FNDA:0,(anonymous_15)
FNDA:0,(anonymous_16)
FNDA:0,(anonymous_17)
FNDA:0,(anonymous_18)
FNDA:0,(anonymous_19)
FNDA:0,(anonymous_20)
FNDA:0,(anonymous_21)
FNDA:0,(anonymous_22)
FNDA:0,(anonymous_23)
DA:16,2
DA:17,0
DA:18,0
DA:20,0
DA:21,0
DA:22,0
DA:24,0
DA:25,0
DA:26,0
DA:29,0
DA:33,2
DA:34,0
DA:38,2
DA:39,0
DA:41,0
DA:42,0
DA:43,0
DA:47,0
DA:48,0
DA:52,2
DA:53,0
DA:54,0
DA:55,0
DA:57,0
DA:58,0
DA:59,0
DA:60,0
DA:64,2
DA:65,0
DA:72,2
DA:73,0
DA:77,2
DA:78,0
DA:80,0
DA:81,0
DA:83,0
DA:84,0
DA:86,0
DA:87,0
DA:88,0
DA:89,0
DA:91,0
DA:96,2
DA:97,0
DA:100,0
DA:101,0
DA:105,0
DA:106,0
DA:110,0
DA:114,0
DA:119,2
DA:120,0
DA:121,0
DA:123,0
DA:124,0
DA:125,0
DA:130,2
DA:131,0
DA:133,0
DA:134,0
DA:135,0
DA:136,0
DA:141,2
DA:142,0
DA:144,0
DA:145,0
DA:146,0
DA:148,0
DA:149,0
DA:150,0
DA:151,0
DA:152,0
DA:153,0
DA:155,0
DA:156,0
DA:157,0
DA:162,2
DA:163,0
DA:164,0
DA:166,0
DA:171,2
DA:172,0
DA:179,2
DA:180,0
DA:182,0
DA:183,0
DA:187,2
DA:188,0
DA:189,0
DA:191,0
DA:192,0
DA:196,2
DA:197,0
DA:199,0
DA:200,0
DA:201,0
DA:202,0
DA:203,0
DA:204,0
DA:206,0
DA:207,0
DA:209,0
DA:210,0
DA:215,2
DA:216,0
DA:217,0
DA:219,0
DA:220,0
DA:221,0
DA:222,0
DA:223,0
DA:224,0
DA:225,0
DA:227,0
DA:228,0
DA:230,0
DA:231,0
DA:237,2
DA:238,0
DA:240,0
DA:242,0
DA:243,0
DA:244,0
DA:245,0
DA:247,0
LF:125
LH:18
BRDA:17,0,0,0
BRDA:17,0,1,0
BRDA:24,1,0,0
BRDA:24,1,1,0
BRDA:24,2,0,0
BRDA:24,2,1,0
BRDA:24,2,2,0
BRDA:42,3,0,0
BRDA:42,3,1,0
BRDA:57,4,0,0
BRDA:57,4,1,0
BRDA:86,5,0,0
BRDA:86,5,1,0
BRDA:100,6,0,0
BRDA:100,6,1,0
BRDA:100,7,0,0
BRDA:100,7,1,0
BRDA:105,8,0,0
BRDA:105,8,1,0
BRDA:105,9,0,0
BRDA:105,9,1,0
BRDA:110,10,0,0
BRDA:110,10,1,0
BRDA:111,11,0,0
BRDA:111,11,1,0
BRDA:121,12,0,0
BRDA:121,12,1,0
BRDA:124,13,0,0
BRDA:124,13,1,0
BRDA:125,14,0,0
BRDA:125,14,1,0
BRDA:163,15,0,0
BRDA:163,15,1,0
BRDA:189,16,0,0
BRDA:189,16,1,0
BRDA:238,17,0,0
BRDA:238,17,1,0
BRF:37
BRH:0
end_of_record
TN:
SF:/Users/johnhodgson/Repos/json-karaoke-machine/src/includes/samples-buffer.js
FN:7,(anonymous_0)
FN:10,(anonymous_1)
FN:13,(anonymous_2)
FN:15,(anonymous_3)
FN:24,(anonymous_4)
FN:25,(anonymous_5)
FN:30,(anonymous_6)
FN:30,(anonymous_7)
FN:40,(anonymous_8)
FN:40,(anonymous_9)
FN:50,(anonymous_10)
FN:50,(anonymous_11)
FN:61,(anonymous_12)
FN:61,(anonymous_13)
FNF:14
FNH:1
FNDA:2,(anonymous_0)
FNDA:0,(anonymous_1)
FNDA:0,(anonymous_2)
FNDA:0,(anonymous_3)
FNDA:0,(anonymous_4)
FNDA:0,(anonymous_5)
FNDA:0,(anonymous_6)
FNDA:0,(anonymous_7)
FNDA:0,(anonymous_8)
FNDA:0,(anonymous_9)
FNDA:0,(anonymous_10)
FNDA:0,(anonymous_11)
FNDA:0,(anonymous_12)
FNDA:0,(anonymous_13)
DA:4,2
DA:5,2
DA:7,2
DA:10,2
DA:12,2
DA:14,0
DA:15,0
DA:16,0
DA:19,0
DA:24,2
DA:25,0
DA:26,0
DA:30,2
DA:31,0
DA:32,0
DA:33,0
DA:35,0
DA:37,0
DA:40,2
DA:41,0
DA:43,0
DA:50,2
DA:51,0
DA:52,0
DA:54,0
DA:56,0
DA:57,0
DA:61,2
DA:62,0
LF:29
LH:10
BRDA:14,0,0,0
BRDA:14,0,1,0
BRDA:51,1,0,0
BRDA:51,1,1,0
BRDA:56,2,0,0
BRDA:56,2,1,0
BRF:6
BRH:0
end_of_record
TN:
SF:/Users/johnhodgson/Repos/json-karaoke-machine/src/includes/metronome/index.js
FN:1,(anonymous_0)
FN:4,(anonymous_1)
FN:9,(anonymous_2)
FNF:3
FNH:1
FNDA:2,(anonymous_0)
FNDA:0,(anonymous_1)
FNDA:0,(anonymous_2)
DA:1,2
DA:4,2
DA:5,0
DA:8,2
DA:10,0
DA:11,0
DA:13,0
LF:7
LH:3
BRDA:10,0,0,0
BRDA:10,0,1,0
BRF:2
BRH:0
end_of_record
TN:
SF:/Users/johnhodgson/Repos/json-karaoke-machine/src/reducers/index.js
FNF:0
FNH:0
LF:0
LH:0
BRF:0
BRH:0
end_of_record
TN:
SF:/Users/johnhodgson/Repos/json-karaoke-machine/src/reducers/settings.js
FN:1,(anonymous_0)
FNF:1
FNH:1
FNDA:6,(anonymous_0)
DA:1,2
DA:5,6
DA:7,0
DA:10,0
DA:13,0
DA:16,0
DA:19,0
DA:22,0
DA:25,0
DA:28,6
LF:10
LH:3
BRDA:2,0,0,6
BRDA:5,1,0,0
BRDA:5,1,1,0
BRDA:5,1,2,0
BRDA:5,1,3,0
BRDA:5,1,4,0
BRDA:5,1,5,0
BRDA:5,1,6,0
BRDA:5,1,7,6
BRF:9
BRH:2
end_of_record
TN:
SF:/Users/johnhodgson/Repos/json-karaoke-machine/src/songs/VanHalenJump/bass.js
FNF:0
FNH:0
LF:0
LH:0
BRF:0
BRH:0
end_of_record
TN:
SF:/Users/johnhodgson/Repos/json-karaoke-machine/src/songs/VanHalenJump/drums.js
FNF:0
FNH:0
LF:0
LH:0
BRF:0
BRH:0
end_of_record
TN:
SF:/Users/johnhodgson/Repos/json-karaoke-machine/src/songs/VanHalenJump/index.js
FNF:0
FNH:0
DA:6,7
LF:1
LH:1
BRF:0
BRH:0
end_of_record
TN:
SF:/Users/johnhodgson/Repos/json-karaoke-machine/src/songs/VanHalenJump/lyrics.js
FNF:0
FNH:0
LF:0
LH:0
BRF:0
BRH:0
end_of_record
TN:
SF:/Users/johnhodgson/Repos/json-karaoke-machine/src/songs/VanHalenJump/polySynth.js
FNF:0
FNH:0
LF:0
LH:0
BRF:0
BRH:0
end_of_record
